[11:21:31.570:INFO :AppMain:48] Starting AppMain on zMac.local with PID 6564 (/Users/zany/workspace/start/out/production/classes started by zany in /Users/zany/workspace/start)
[11:21:31.575:DEBUG:AppMain:51] Running with Spring Boot v1.5.9.RELEASE, Spring v4.3.13.RELEASE
[11:21:31.575:INFO :AppMain:593] No active profile set, falling back to default profiles: default
[11:21:31.634:INFO :AnnotationConfigEmbeddedWebApplicationContext:583] Refreshing org.springframework.boot.context.embedded.AnnotationConfigEmbeddedWebApplicationContext@1f3fa984: startup date [Thu Jan 18 11:21:31 KST 2018]; root of context hierarchy
[11:21:31.729:DEBUG:logging:160] Logging Provider: org.jboss.logging.Slf4jLoggerProvider found via system property
[11:21:31.733:INFO :Version:30] HV000001: Hibernate Validator 5.3.6.Final
[11:21:33.205:INFO :PostProcessorRegistrationDelegate$BeanPostProcessorChecker:327] Bean 'org.springframework.transaction.annotation.ProxyTransactionManagementConfiguration' of type [org.springframework.transaction.annotation.ProxyTransactionManagementConfiguration$$EnhancerBySpringCGLIB$$e59b9ddc] is not eligible for getting processed by all BeanPostProcessors (for example: not eligible for auto-proxying)
[11:21:33.801:INFO :TomcatEmbeddedServletContainer:89] Tomcat initialized with port(s): 8080 (http)
[11:21:33.812:INFO :StandardService:179] Starting service [Tomcat]
[11:21:33.813:INFO :StandardEngine:179] Starting Servlet Engine: Apache Tomcat/8.5.23
[11:21:33.907:INFO :[/]:179] Initializing Spring embedded WebApplicationContext
[11:21:33.908:INFO :ContextLoader:276] Root WebApplicationContext: initialization completed in 2274 ms
[11:21:34.161:INFO :ServletRegistrationBean:190] Mapping servlet: 'dispatcherServlet' to [/]
[11:21:34.166:INFO :FilterRegistrationBean:258] Mapping filter: 'metricsFilter' to: [/*]
[11:21:34.167:INFO :FilterRegistrationBean:258] Mapping filter: 'characterEncodingFilter' to: [/*]
[11:21:34.167:INFO :FilterRegistrationBean:258] Mapping filter: 'hiddenHttpMethodFilter' to: [/*]
[11:21:34.167:INFO :FilterRegistrationBean:258] Mapping filter: 'httpPutFormContentFilter' to: [/*]
[11:21:34.167:INFO :FilterRegistrationBean:258] Mapping filter: 'requestContextFilter' to: [/*]
[11:21:34.168:INFO :FilterRegistrationBean:258] Mapping filter: 'webRequestLoggingFilter' to: [/*]
[11:21:34.168:INFO :FilterRegistrationBean:258] Mapping filter: 'applicationContextIdFilter' to: [/*]
[11:21:36.448:INFO :LocalContainerEntityManagerFactoryBean:356] Building JPA container EntityManagerFactory for persistence unit 'default'
[11:21:36.460:INFO :LogHelper:31] HHH000204: Processing PersistenceUnitInfo [
	name: default
	...]
[11:21:36.533:INFO :Version:37] HHH000412: Hibernate Core {5.0.12.Final}
[11:21:36.534:INFO :Environment:213] HHH000206: hibernate.properties not found
[11:21:36.536:INFO :Environment:317] HHH000021: Bytecode provider name : javassist
[11:21:36.582:INFO :Version:66] HCANN000001: Hibernate Commons Annotations {5.0.1.Final}
[11:21:36.748:INFO :Dialect:156] HHH000400: Using dialect: org.hibernate.dialect.MySQL5Dialect
[11:21:37.286:INFO :SchemaUpdate:105] HHH000228: Running hbm2ddl schema update
[11:21:38.264:INFO :LocalContainerEntityManagerFactoryBean:392] Initialized JPA EntityManagerFactory for persistence unit 'default'
[11:21:38.962:INFO :RequestMappingHandlerMapping:543] Mapped "{[/codes],methods=[GET]}" onto public java.util.Collection<com.skcc.start.entity.common.Code> com.skcc.start.part.common.controller.CodeController.getCodes()
[11:21:38.966:INFO :RequestMappingHandlerMapping:543] Mapped "{[/codes/{codeName}],methods=[POST]}" onto public void com.skcc.start.part.common.controller.CodeController.postCode(java.lang.String,com.skcc.start.entity.common.Code)
[11:21:38.967:INFO :RequestMappingHandlerMapping:543] Mapped "{[],methods=[GET]}" onto public java.lang.String com.skcc.start.part.common.controller.MainController.main()
[11:21:38.970:INFO :RequestMappingHandlerMapping:543] Mapped "{[/swagger-resources/configuration/ui]}" onto public org.springframework.http.ResponseEntity<springfox.documentation.swagger.web.UiConfiguration> springfox.documentation.swagger.web.ApiResourceController.uiConfiguration()
[11:21:38.970:INFO :RequestMappingHandlerMapping:543] Mapped "{[/swagger-resources/configuration/security]}" onto public org.springframework.http.ResponseEntity<springfox.documentation.swagger.web.SecurityConfiguration> springfox.documentation.swagger.web.ApiResourceController.securityConfiguration()
[11:21:38.971:INFO :RequestMappingHandlerMapping:543] Mapped "{[/swagger-resources]}" onto public org.springframework.http.ResponseEntity<java.util.List<springfox.documentation.swagger.web.SwaggerResource>> springfox.documentation.swagger.web.ApiResourceController.swaggerResources()
[11:21:38.973:INFO :RequestMappingHandlerMapping:543] Mapped "{[/error]}" onto public org.springframework.http.ResponseEntity<java.util.Map<java.lang.String, java.lang.Object>> org.springframework.boot.autoconfigure.web.BasicErrorController.error(javax.servlet.http.HttpServletRequest)
[11:21:38.974:INFO :RequestMappingHandlerMapping:543] Mapped "{[/error],produces=[text/html]}" onto public org.springframework.web.servlet.ModelAndView org.springframework.boot.autoconfigure.web.BasicErrorController.errorHtml(javax.servlet.http.HttpServletRequest,javax.servlet.http.HttpServletResponse)
[11:21:39.187:INFO :EndpointHandlerMapping:543] Mapped "{[/info || /info.json],methods=[GET],produces=[application/vnd.spring-boot.actuator.v1+json || application/json]}" onto public java.lang.Object org.springframework.boot.actuate.endpoint.mvc.EndpointMvcAdapter.invoke()
[11:21:39.187:INFO :EndpointHandlerMapping:543] Mapped "{[/beans || /beans.json],methods=[GET],produces=[application/vnd.spring-boot.actuator.v1+json || application/json]}" onto public java.lang.Object org.springframework.boot.actuate.endpoint.mvc.EndpointMvcAdapter.invoke()
[11:21:39.188:INFO :EndpointHandlerMapping:543] Mapped "{[/configprops || /configprops.json],methods=[GET],produces=[application/vnd.spring-boot.actuator.v1+json || application/json]}" onto public java.lang.Object org.springframework.boot.actuate.endpoint.mvc.EndpointMvcAdapter.invoke()
[11:21:39.189:INFO :EndpointHandlerMapping:543] Mapped "{[/loggers/{name:.*}],methods=[GET],produces=[application/vnd.spring-boot.actuator.v1+json || application/json]}" onto public java.lang.Object org.springframework.boot.actuate.endpoint.mvc.LoggersMvcEndpoint.get(java.lang.String)
[11:21:39.190:INFO :EndpointHandlerMapping:543] Mapped "{[/loggers/{name:.*}],methods=[POST],consumes=[application/vnd.spring-boot.actuator.v1+json || application/json],produces=[application/vnd.spring-boot.actuator.v1+json || application/json]}" onto public java.lang.Object org.springframework.boot.actuate.endpoint.mvc.LoggersMvcEndpoint.set(java.lang.String,java.util.Map<java.lang.String, java.lang.String>)
[11:21:39.190:INFO :EndpointHandlerMapping:543] Mapped "{[/loggers || /loggers.json],methods=[GET],produces=[application/vnd.spring-boot.actuator.v1+json || application/json]}" onto public java.lang.Object org.springframework.boot.actuate.endpoint.mvc.EndpointMvcAdapter.invoke()
[11:21:39.191:INFO :EndpointHandlerMapping:543] Mapped "{[/auditevents || /auditevents.json],methods=[GET],produces=[application/vnd.spring-boot.actuator.v1+json || application/json]}" onto public org.springframework.http.ResponseEntity<?> org.springframework.boot.actuate.endpoint.mvc.AuditEventsMvcEndpoint.findByPrincipalAndAfterAndType(java.lang.String,java.util.Date,java.lang.String)
[11:21:39.192:INFO :EndpointHandlerMapping:543] Mapped "{[/heapdump || /heapdump.json],methods=[GET],produces=[application/octet-stream]}" onto public void org.springframework.boot.actuate.endpoint.mvc.HeapdumpMvcEndpoint.invoke(boolean,javax.servlet.http.HttpServletRequest,javax.servlet.http.HttpServletResponse) throws java.io.IOException,javax.servlet.ServletException
[11:21:39.193:INFO :EndpointHandlerMapping:543] Mapped "{[/env/{name:.*}],methods=[GET],produces=[application/vnd.spring-boot.actuator.v1+json || application/json]}" onto public java.lang.Object org.springframework.boot.actuate.endpoint.mvc.EnvironmentMvcEndpoint.value(java.lang.String)
[11:21:39.193:INFO :EndpointHandlerMapping:543] Mapped "{[/env || /env.json],methods=[GET],produces=[application/vnd.spring-boot.actuator.v1+json || application/json]}" onto public java.lang.Object org.springframework.boot.actuate.endpoint.mvc.EndpointMvcAdapter.invoke()
[11:21:39.194:INFO :EndpointHandlerMapping:543] Mapped "{[/health || /health.json],methods=[GET],produces=[application/vnd.spring-boot.actuator.v1+json || application/json]}" onto public java.lang.Object org.springframework.boot.actuate.endpoint.mvc.HealthMvcEndpoint.invoke(javax.servlet.http.HttpServletRequest,java.security.Principal)
[11:21:39.194:INFO :EndpointHandlerMapping:543] Mapped "{[/trace || /trace.json],methods=[GET],produces=[application/vnd.spring-boot.actuator.v1+json || application/json]}" onto public java.lang.Object org.springframework.boot.actuate.endpoint.mvc.EndpointMvcAdapter.invoke()
[11:21:39.195:INFO :EndpointHandlerMapping:543] Mapped "{[/mappings || /mappings.json],methods=[GET],produces=[application/vnd.spring-boot.actuator.v1+json || application/json]}" onto public java.lang.Object org.springframework.boot.actuate.endpoint.mvc.EndpointMvcAdapter.invoke()
[11:21:39.196:INFO :EndpointHandlerMapping:543] Mapped "{[/metrics/{name:.*}],methods=[GET],produces=[application/vnd.spring-boot.actuator.v1+json || application/json]}" onto public java.lang.Object org.springframework.boot.actuate.endpoint.mvc.MetricsMvcEndpoint.value(java.lang.String)
[11:21:39.196:INFO :EndpointHandlerMapping:543] Mapped "{[/metrics || /metrics.json],methods=[GET],produces=[application/vnd.spring-boot.actuator.v1+json || application/json]}" onto public java.lang.Object org.springframework.boot.actuate.endpoint.mvc.EndpointMvcAdapter.invoke()
[11:21:39.197:INFO :EndpointHandlerMapping:543] Mapped "{[/autoconfig || /autoconfig.json],methods=[GET],produces=[application/vnd.spring-boot.actuator.v1+json || application/json]}" onto public java.lang.Object org.springframework.boot.actuate.endpoint.mvc.EndpointMvcAdapter.invoke()
[11:21:39.198:INFO :EndpointHandlerMapping:543] Mapped "{[/dump || /dump.json],methods=[GET],produces=[application/vnd.spring-boot.actuator.v1+json || application/json]}" onto public java.lang.Object org.springframework.boot.actuate.endpoint.mvc.EndpointMvcAdapter.invoke()
[11:21:39.351:DEBUG:PropertySourcedRequestMappingHandlerMapping:54] initialising the handler methods
[11:21:39.353:INFO :PropertySourcedRequestMappingHandlerMapping:69] Mapped URL path [/v2/api-docs] onto method [public org.springframework.http.ResponseEntity<springfox.documentation.spring.web.json.Json> springfox.documentation.swagger2.web.Swagger2Controller.getDocumentation(java.lang.String,javax.servlet.http.HttpServletRequest)]
[11:21:39.654:INFO :RequestMappingHandlerAdapter:534] Looking for @ControllerAdvice: org.springframework.boot.context.embedded.AnnotationConfigEmbeddedWebApplicationContext@1f3fa984: startup date [Thu Jan 18 11:21:31 KST 2018]; root of context hierarchy
[11:21:39.712:INFO :SimpleUrlHandlerMapping:362] Mapped URL path [/webjars/**] onto handler of type [class org.springframework.web.servlet.resource.ResourceHttpRequestHandler]
[11:21:39.713:INFO :SimpleUrlHandlerMapping:362] Mapped URL path [/**] onto handler of type [class org.springframework.web.servlet.resource.ResourceHttpRequestHandler]
[11:21:39.759:INFO :SimpleUrlHandlerMapping:362] Mapped URL path [/**/favicon.ico] onto handler of type [class org.springframework.web.servlet.resource.ResourceHttpRequestHandler]
[11:21:40.130:INFO :AnnotationMBeanExporter:431] Registering beans for JMX exposure on startup
[11:21:40.140:INFO :EndpointMBeanExporter:431] Registering beans for JMX exposure on startup
[11:21:40.145:INFO :DefaultLifecycleProcessor:343] Starting beans in phase 0
[11:21:40.148:INFO :EndpointMBeanExporter:678] Located managed bean 'auditEventsEndpoint': registering with JMX server as MBean [org.springframework.boot:type=Endpoint,name=auditEventsEndpoint]
[11:21:40.162:INFO :EndpointMBeanExporter:678] Located managed bean 'requestMappingEndpoint': registering with JMX server as MBean [org.springframework.boot:type=Endpoint,name=requestMappingEndpoint]
[11:21:40.169:INFO :EndpointMBeanExporter:678] Located managed bean 'environmentEndpoint': registering with JMX server as MBean [org.springframework.boot:type=Endpoint,name=environmentEndpoint]
[11:21:40.173:INFO :EndpointMBeanExporter:678] Located managed bean 'healthEndpoint': registering with JMX server as MBean [org.springframework.boot:type=Endpoint,name=healthEndpoint]
[11:21:40.175:INFO :EndpointMBeanExporter:678] Located managed bean 'beansEndpoint': registering with JMX server as MBean [org.springframework.boot:type=Endpoint,name=beansEndpoint]
[11:21:40.177:INFO :EndpointMBeanExporter:678] Located managed bean 'infoEndpoint': registering with JMX server as MBean [org.springframework.boot:type=Endpoint,name=infoEndpoint]
[11:21:40.180:INFO :EndpointMBeanExporter:678] Located managed bean 'loggersEndpoint': registering with JMX server as MBean [org.springframework.boot:type=Endpoint,name=loggersEndpoint]
[11:21:40.184:INFO :EndpointMBeanExporter:678] Located managed bean 'metricsEndpoint': registering with JMX server as MBean [org.springframework.boot:type=Endpoint,name=metricsEndpoint]
[11:21:40.186:INFO :EndpointMBeanExporter:678] Located managed bean 'traceEndpoint': registering with JMX server as MBean [org.springframework.boot:type=Endpoint,name=traceEndpoint]
[11:21:40.188:INFO :EndpointMBeanExporter:678] Located managed bean 'dumpEndpoint': registering with JMX server as MBean [org.springframework.boot:type=Endpoint,name=dumpEndpoint]
[11:21:40.190:INFO :EndpointMBeanExporter:678] Located managed bean 'autoConfigurationReportEndpoint': registering with JMX server as MBean [org.springframework.boot:type=Endpoint,name=autoConfigurationReportEndpoint]
[11:21:40.191:INFO :EndpointMBeanExporter:678] Located managed bean 'configurationPropertiesReportEndpoint': registering with JMX server as MBean [org.springframework.boot:type=Endpoint,name=configurationPropertiesReportEndpoint]
[11:21:40.192:INFO :DefaultLifecycleProcessor:343] Starting beans in phase 2147483647
[11:21:40.193:INFO :DocumentationPluginsBootstrapper:147] Context refreshed
[11:21:40.215:INFO :DocumentationPluginsBootstrapper:150] Found 1 custom documentation plugin(s)
[11:21:40.250:INFO :ApiListingReferenceScanner:41] Scanning for api listing references
[11:21:40.263:DEBUG:OperationModelsProvider:76] Adding return parameter of type Ljava/lang/Object;
[11:21:40.264:DEBUG:OperationModelsProvider:83] Reading parameters models for handlerMethod |findByPrincipalAndAfterAndType|
[11:21:40.267:DEBUG:OperationModelsProvider:94] Finished reading parameters models for handlerMethod |findByPrincipalAndAfterAndType|
[11:21:40.269:DEBUG:SwaggerOperationModelsProvider:84] Reading parameters models for handlerMethod |findByPrincipalAndAfterAndType|
[11:21:40.278:DEBUG:DefaultModelProvider:80] Skipping model of type Ljava/lang/Object; as its either a container type, map, enum or base type, or its already been handled
[11:21:40.280:DEBUG:ApiModelReader:74] Did not find any parameter models for java.lang.Object
[11:21:40.280:DEBUG:DefaultModelDependencyProvider:99] Marking base type Ljava/lang/Object; as seen
[11:21:40.300:DEBUG:OperationResponseClassReader:59] Setting spring response class to: object
[11:21:40.302:DEBUG:OperationAuthReader:99] Authorization count 0 for method findByPrincipalAndAfterAndType
[11:21:40.304:DEBUG:SwaggerOperationResponseClassReader:74] Setting response class to:object
[11:21:40.323:DEBUG:OperationResponseClassReader:59] Setting spring response class to: object
[11:21:40.324:DEBUG:OperationAuthReader:99] Authorization count 0 for method findByPrincipalAndAfterAndType
[11:21:40.325:DEBUG:SwaggerOperationResponseClassReader:74] Setting response class to:object
[11:21:40.326:INFO :CachingOperationNameGenerator:40] Generating unique operation named: findByPrincipalAndAfterAndTypeUsingGET_1
[11:21:40.343:DEBUG:OperationModelsProvider:76] Adding return parameter of type Ljava/util/Map<Ljava/lang/String;Ljava/lang/Object;>;
[11:21:40.343:DEBUG:OperationModelsProvider:83] Reading parameters models for handlerMethod |error|
[11:21:40.344:DEBUG:OperationModelsProvider:94] Finished reading parameters models for handlerMethod |error|
[11:21:40.345:DEBUG:SwaggerOperationModelsProvider:84] Reading parameters models for handlerMethod |error|
[11:21:40.345:DEBUG:DefaultModelProvider:80] Skipping model of type Ljava/lang/Object; as its either a container type, map, enum or base type, or its already been handled
[11:21:40.346:DEBUG:ApiModelReader:74] Did not find any parameter models for java.util.Map<java.lang.String,java.lang.Object>
[11:21:40.346:DEBUG:DefaultModelDependencyProvider:99] Marking base type Ljava/lang/Object; as seen
[11:21:40.349:DEBUG:OperationResponseClassReader:59] Setting spring response class to: Map«string,object»
[11:21:40.350:DEBUG:OperationAuthReader:99] Authorization count 0 for method error
[11:21:40.351:DEBUG:SwaggerOperationResponseClassReader:74] Setting response class to:Map«string,object»
[11:21:40.353:DEBUG:OperationResponseClassReader:59] Setting spring response class to: Map«string,object»
[11:21:40.354:DEBUG:OperationAuthReader:99] Authorization count 0 for method error
[11:21:40.355:DEBUG:SwaggerOperationResponseClassReader:74] Setting response class to:Map«string,object»
[11:21:40.357:DEBUG:OperationResponseClassReader:59] Setting spring response class to: Map«string,object»
[11:21:40.358:DEBUG:OperationAuthReader:99] Authorization count 0 for method error
[11:21:40.359:DEBUG:SwaggerOperationResponseClassReader:74] Setting response class to:Map«string,object»
[11:21:40.360:DEBUG:OperationResponseClassReader:59] Setting spring response class to: Map«string,object»
[11:21:40.361:DEBUG:OperationAuthReader:99] Authorization count 0 for method error
[11:21:40.362:DEBUG:SwaggerOperationResponseClassReader:74] Setting response class to:Map«string,object»
[11:21:40.364:DEBUG:OperationResponseClassReader:59] Setting spring response class to: Map«string,object»
[11:21:40.365:DEBUG:OperationAuthReader:99] Authorization count 0 for method error
[11:21:40.365:DEBUG:SwaggerOperationResponseClassReader:74] Setting response class to:Map«string,object»
[11:21:40.367:DEBUG:OperationResponseClassReader:59] Setting spring response class to: Map«string,object»
[11:21:40.368:DEBUG:OperationAuthReader:99] Authorization count 0 for method error
[11:21:40.369:DEBUG:SwaggerOperationResponseClassReader:74] Setting response class to:Map«string,object»
[11:21:40.371:DEBUG:OperationResponseClassReader:59] Setting spring response class to: Map«string,object»
[11:21:40.371:DEBUG:OperationAuthReader:99] Authorization count 0 for method error
[11:21:40.372:DEBUG:SwaggerOperationResponseClassReader:74] Setting response class to:Map«string,object»
[11:21:40.374:DEBUG:OperationResponseClassReader:59] Setting spring response class to: Map«string,object»
[11:21:40.375:DEBUG:OperationAuthReader:99] Authorization count 0 for method error
[11:21:40.375:DEBUG:SwaggerOperationResponseClassReader:74] Setting response class to:Map«string,object»
[11:21:40.377:DEBUG:OperationModelsProvider:76] Adding return parameter of type Lorg/springframework/web/servlet/ModelAndView;
[11:21:40.377:DEBUG:OperationModelsProvider:83] Reading parameters models for handlerMethod |errorHtml|
[11:21:40.377:DEBUG:OperationModelsProvider:94] Finished reading parameters models for handlerMethod |errorHtml|
[11:21:40.378:DEBUG:SwaggerOperationModelsProvider:84] Reading parameters models for handlerMethod |errorHtml|
[11:21:40.392:DEBUG:OptimizedModelPropertiesProvider:121] Reading property view
[11:21:40.396:DEBUG:BeanModelProperty:70] Evaluating unwrapped getter for member getView
[11:21:40.397:DEBUG:ObjectMapperBeanPropertyNamingStrategy:60] Name 'view' renamed to 'view'
[11:21:40.397:DEBUG:OptimizedModelPropertiesProvider:284] Adding property view to model
[11:21:40.398:DEBUG:BeanModelProperty:70] Evaluating unwrapped getter for member getView
[11:21:40.398:DEBUG:BeanModelProperty:70] Evaluating unwrapped getter for member getView
[11:21:40.398:DEBUG:BeanModelProperty:70] Evaluating unwrapped getter for member getView
[11:21:40.400:DEBUG:BeanModelProperty:70] Evaluating unwrapped getter for member getView
[11:21:40.402:DEBUG:OptimizedModelPropertiesProvider:121] Reading property model
[11:21:40.402:DEBUG:BeanModelProperty:70] Evaluating unwrapped getter for member getModel
[11:21:40.402:DEBUG:ObjectMapperBeanPropertyNamingStrategy:60] Name 'model' renamed to 'model'
[11:21:40.402:DEBUG:OptimizedModelPropertiesProvider:284] Adding property model to model
[11:21:40.402:DEBUG:BeanModelProperty:70] Evaluating unwrapped getter for member getModel
[11:21:40.403:DEBUG:BeanModelProperty:70] Evaluating unwrapped getter for member getModel
[11:21:40.403:DEBUG:BeanModelProperty:70] Evaluating unwrapped getter for member getModel
[11:21:40.403:DEBUG:BeanModelProperty:70] Evaluating unwrapped getter for member getModel
[11:21:40.403:DEBUG:OptimizedModelPropertiesProvider:121] Reading property status
[11:21:40.403:DEBUG:BeanModelProperty:70] Evaluating unwrapped getter for member getStatus
[11:21:40.404:DEBUG:ObjectMapperBeanPropertyNamingStrategy:60] Name 'status' renamed to 'status'
[11:21:40.404:DEBUG:OptimizedModelPropertiesProvider:284] Adding property status to model
[11:21:40.404:DEBUG:BeanModelProperty:70] Evaluating unwrapped getter for member getStatus
[11:21:40.404:DEBUG:BeanModelProperty:70] Evaluating unwrapped getter for member getStatus
[11:21:40.404:DEBUG:BeanModelProperty:70] Evaluating unwrapped getter for member getStatus
[11:21:40.404:DEBUG:BeanModelProperty:70] Evaluating unwrapped getter for member getStatus
[11:21:40.419:DEBUG:OptimizedModelPropertiesProvider:121] Reading property empty
[11:21:40.419:DEBUG:BeanModelProperty:70] Evaluating unwrapped getter for member isEmpty
[11:21:40.419:DEBUG:ObjectMapperBeanPropertyNamingStrategy:60] Name 'empty' renamed to 'empty'
[11:21:40.419:DEBUG:OptimizedModelPropertiesProvider:284] Adding property empty to model
[11:21:40.419:DEBUG:BeanModelProperty:70] Evaluating unwrapped getter for member isEmpty
[11:21:40.420:DEBUG:BeanModelProperty:70] Evaluating unwrapped getter for member isEmpty
[11:21:40.420:DEBUG:BeanModelProperty:70] Evaluating unwrapped getter for member isEmpty
[11:21:40.420:DEBUG:BeanModelProperty:70] Evaluating unwrapped getter for member isEmpty
[11:21:40.420:DEBUG:OptimizedModelPropertiesProvider:121] Reading property viewName
[11:21:40.420:DEBUG:BeanModelProperty:70] Evaluating unwrapped getter for member getViewName
[11:21:40.420:DEBUG:ObjectMapperBeanPropertyNamingStrategy:60] Name 'viewName' renamed to 'viewName'
[11:21:40.421:DEBUG:OptimizedModelPropertiesProvider:284] Adding property viewName to model
[11:21:40.421:DEBUG:BeanModelProperty:70] Evaluating unwrapped getter for member getViewName
[11:21:40.421:DEBUG:BeanModelProperty:70] Evaluating unwrapped getter for member getViewName
[11:21:40.421:DEBUG:BeanModelProperty:70] Evaluating unwrapped getter for member getViewName
[11:21:40.421:DEBUG:BeanModelProperty:70] Evaluating unwrapped getter for member getViewName
[11:21:40.421:DEBUG:OptimizedModelPropertiesProvider:121] Reading property reference
[11:21:40.422:DEBUG:BeanModelProperty:70] Evaluating unwrapped getter for member isReference
[11:21:40.422:DEBUG:ObjectMapperBeanPropertyNamingStrategy:60] Name 'reference' renamed to 'reference'
[11:21:40.422:DEBUG:OptimizedModelPropertiesProvider:284] Adding property reference to model
[11:21:40.422:DEBUG:BeanModelProperty:70] Evaluating unwrapped getter for member isReference
[11:21:40.422:DEBUG:BeanModelProperty:70] Evaluating unwrapped getter for member isReference
[11:21:40.422:DEBUG:BeanModelProperty:70] Evaluating unwrapped getter for member isReference
[11:21:40.422:DEBUG:BeanModelProperty:70] Evaluating unwrapped getter for member isReference
[11:21:40.423:DEBUG:OptimizedModelPropertiesProvider:121] Reading property modelMap
[11:21:40.423:DEBUG:BeanModelProperty:70] Evaluating unwrapped getter for member getModelMap
[11:21:40.423:DEBUG:ObjectMapperBeanPropertyNamingStrategy:60] Name 'modelMap' renamed to 'modelMap'
[11:21:40.423:DEBUG:OptimizedModelPropertiesProvider:284] Adding property modelMap to model
[11:21:40.423:DEBUG:BeanModelProperty:70] Evaluating unwrapped getter for member getModelMap
[11:21:40.423:DEBUG:BeanModelProperty:70] Evaluating unwrapped getter for member getModelMap
[11:21:40.424:DEBUG:BeanModelProperty:70] Evaluating unwrapped getter for member getModelMap
[11:21:40.424:DEBUG:BeanModelProperty:70] Evaluating unwrapped getter for member getModelMap
[11:21:40.428:DEBUG:DefaultModelProvider:86] Inferred 7 properties. Properties found empty, model, modelMap, reference, status, view, viewName
[11:21:40.429:DEBUG:ApiModelReader:69] Generated parameter model id: ModelAndView, name: ModelAndView, schema: {} models
[11:21:40.429:DEBUG:ApiModelReader:87] Adding a new model with key ModelAndView
[11:21:40.430:DEBUG:DefaultModelDependencyProvider:139] Adding type Lorg/springframework/ui/ModelMap; for parameter modelMap
[11:21:40.430:DEBUG:DefaultModelDependencyProvider:196] Recursively resolving dependencies for value type Ljava/lang/Object;
[11:21:40.430:DEBUG:DefaultModelDependencyProvider:99] Marking base type Ljava/lang/Object; as seen
[11:21:40.430:DEBUG:DefaultModelDependencyProvider:139] Adding type Lorg/springframework/web/servlet/View; for parameter view
[11:21:40.431:DEBUG:DefaultModelDependencyProvider:168] Recursively resolving dependencies for type Lorg/springframework/web/servlet/View;
[11:21:40.431:DEBUG:OptimizedModelPropertiesProvider:121] Reading property contentType
[11:21:40.431:DEBUG:BeanModelProperty:70] Evaluating unwrapped getter for member getContentType
[11:21:40.431:DEBUG:ObjectMapperBeanPropertyNamingStrategy:60] Name 'contentType' renamed to 'contentType'
[11:21:40.432:DEBUG:OptimizedModelPropertiesProvider:284] Adding property contentType to model
[11:21:40.432:DEBUG:BeanModelProperty:70] Evaluating unwrapped getter for member getContentType
[11:21:40.432:DEBUG:BeanModelProperty:70] Evaluating unwrapped getter for member getContentType
[11:21:40.432:DEBUG:BeanModelProperty:70] Evaluating unwrapped getter for member getContentType
[11:21:40.432:DEBUG:BeanModelProperty:70] Evaluating unwrapped getter for member getContentType
[11:21:40.433:DEBUG:DefaultModelProvider:86] Inferred 1 properties. Properties found contentType
[11:21:40.433:DEBUG:ApiModelReader:87] Adding a new model with key View
[11:21:40.434:DEBUG:OperationResponseClassReader:59] Setting spring response class to: ModelAndView
[11:21:40.435:DEBUG:OperationAuthReader:99] Authorization count 0 for method errorHtml
[11:21:40.436:DEBUG:SwaggerOperationResponseClassReader:74] Setting response class to:ModelAndView
[11:21:40.438:DEBUG:OperationResponseClassReader:59] Setting spring response class to: ModelAndView
[11:21:40.438:DEBUG:OperationAuthReader:99] Authorization count 0 for method errorHtml
[11:21:40.439:DEBUG:SwaggerOperationResponseClassReader:74] Setting response class to:ModelAndView
[11:21:40.441:DEBUG:OperationResponseClassReader:59] Setting spring response class to: ModelAndView
[11:21:40.441:DEBUG:OperationAuthReader:99] Authorization count 0 for method errorHtml
[11:21:40.442:DEBUG:SwaggerOperationResponseClassReader:74] Setting response class to:ModelAndView
[11:21:40.444:DEBUG:OperationResponseClassReader:59] Setting spring response class to: ModelAndView
[11:21:40.445:DEBUG:OperationAuthReader:99] Authorization count 0 for method errorHtml
[11:21:40.445:DEBUG:SwaggerOperationResponseClassReader:74] Setting response class to:ModelAndView
[11:21:40.447:DEBUG:OperationResponseClassReader:59] Setting spring response class to: ModelAndView
[11:21:40.448:DEBUG:OperationAuthReader:99] Authorization count 0 for method errorHtml
[11:21:40.448:DEBUG:SwaggerOperationResponseClassReader:74] Setting response class to:ModelAndView
[11:21:40.450:DEBUG:OperationResponseClassReader:59] Setting spring response class to: ModelAndView
[11:21:40.450:DEBUG:OperationAuthReader:99] Authorization count 0 for method errorHtml
[11:21:40.451:DEBUG:SwaggerOperationResponseClassReader:74] Setting response class to:ModelAndView
[11:21:40.453:DEBUG:OperationResponseClassReader:59] Setting spring response class to: ModelAndView
[11:21:40.453:DEBUG:OperationAuthReader:99] Authorization count 0 for method errorHtml
[11:21:40.454:DEBUG:SwaggerOperationResponseClassReader:74] Setting response class to:ModelAndView
[11:21:40.456:DEBUG:OperationResponseClassReader:59] Setting spring response class to: ModelAndView
[11:21:40.456:DEBUG:OperationAuthReader:99] Authorization count 0 for method errorHtml
[11:21:40.457:DEBUG:SwaggerOperationResponseClassReader:74] Setting response class to:ModelAndView
[11:21:40.458:DEBUG:OperationModelsProvider:76] Adding return parameter of type Ljava/util/Collection<Lcom/skcc/start/entity/common/Code;>;
[11:21:40.459:DEBUG:OperationModelsProvider:83] Reading parameters models for handlerMethod |getCodes|
[11:21:40.459:DEBUG:OperationModelsProvider:94] Finished reading parameters models for handlerMethod |getCodes|
[11:21:40.459:DEBUG:SwaggerOperationModelsProvider:84] Reading parameters models for handlerMethod |getCodes|
[11:21:40.459:DEBUG:DefaultModelProvider:80] Skipping model of type Ljava/util/Collection<Lcom/skcc/start/entity/common/Code;>; as its either a container type, map, enum or base type, or its already been handled
[11:21:40.459:DEBUG:ApiModelReader:74] Did not find any parameter models for java.util.Collection<com.skcc.start.entity.common.Code>
[11:21:40.460:DEBUG:DefaultModelDependencyProvider:124] Adding type for parameter Lcom/skcc/start/entity/common/Code;
[11:21:40.460:DEBUG:DefaultModelDependencyProvider:126] Recursively resolving dependencies for parameter Lcom/skcc/start/entity/common/Code;
[11:21:40.461:DEBUG:OptimizedModelPropertiesProvider:121] Reading property id
[11:21:40.461:DEBUG:BeanModelProperty:70] Evaluating unwrapped getter for member getId
[11:21:40.461:DEBUG:ObjectMapperBeanPropertyNamingStrategy:60] Name 'id' renamed to 'id'
[11:21:40.462:DEBUG:OptimizedModelPropertiesProvider:284] Adding property id to model
[11:21:40.462:DEBUG:BeanModelProperty:70] Evaluating unwrapped getter for member getId
[11:21:40.462:DEBUG:BeanModelProperty:70] Evaluating unwrapped getter for member getId
[11:21:40.462:DEBUG:BeanModelProperty:70] Evaluating unwrapped getter for member getId
[11:21:40.462:DEBUG:BeanModelProperty:70] Evaluating unwrapped getter for member getId
[11:21:40.463:DEBUG:OptimizedModelPropertiesProvider:121] Reading property groupCode
[11:21:40.463:DEBUG:BeanModelProperty:70] Evaluating unwrapped getter for member getGroupCode
[11:21:40.463:DEBUG:ObjectMapperBeanPropertyNamingStrategy:60] Name 'groupCode' renamed to 'groupCode'
[11:21:40.463:DEBUG:OptimizedModelPropertiesProvider:284] Adding property groupCode to model
[11:21:40.463:DEBUG:BeanModelProperty:70] Evaluating unwrapped getter for member getGroupCode
[11:21:40.463:DEBUG:BeanModelProperty:70] Evaluating unwrapped getter for member getGroupCode
[11:21:40.463:DEBUG:BeanModelProperty:70] Evaluating unwrapped getter for member getGroupCode
[11:21:40.464:DEBUG:BeanModelProperty:70] Evaluating unwrapped getter for member getGroupCode
[11:21:40.464:DEBUG:OptimizedModelPropertiesProvider:121] Reading property code
[11:21:40.464:DEBUG:BeanModelProperty:70] Evaluating unwrapped getter for member getCode
[11:21:40.464:DEBUG:ObjectMapperBeanPropertyNamingStrategy:60] Name 'code' renamed to 'code'
[11:21:40.464:DEBUG:OptimizedModelPropertiesProvider:284] Adding property code to model
[11:21:40.464:DEBUG:BeanModelProperty:70] Evaluating unwrapped getter for member getCode
[11:21:40.465:DEBUG:BeanModelProperty:70] Evaluating unwrapped getter for member getCode
[11:21:40.465:DEBUG:BeanModelProperty:70] Evaluating unwrapped getter for member getCode
[11:21:40.465:DEBUG:BeanModelProperty:70] Evaluating unwrapped getter for member getCode
[11:21:40.465:DEBUG:OptimizedModelPropertiesProvider:121] Reading property value
[11:21:40.465:DEBUG:BeanModelProperty:70] Evaluating unwrapped getter for member getValue
[11:21:40.466:DEBUG:ObjectMapperBeanPropertyNamingStrategy:60] Name 'value' renamed to 'value'
[11:21:40.466:DEBUG:OptimizedModelPropertiesProvider:284] Adding property value to model
[11:21:40.466:DEBUG:BeanModelProperty:70] Evaluating unwrapped getter for member getValue
[11:21:40.466:DEBUG:BeanModelProperty:70] Evaluating unwrapped getter for member getValue
[11:21:40.466:DEBUG:BeanModelProperty:70] Evaluating unwrapped getter for member getValue
[11:21:40.466:DEBUG:BeanModelProperty:70] Evaluating unwrapped getter for member getValue
[11:21:40.467:DEBUG:DefaultModelProvider:86] Inferred 4 properties. Properties found code, groupCode, id, value
[11:21:40.467:DEBUG:ApiModelReader:87] Adding a new model with key Code
[11:21:40.468:DEBUG:OperationResponseClassReader:59] Setting spring response class to: List
[11:21:40.469:DEBUG:OperationAuthReader:99] Authorization count 0 for method getCodes
[11:21:40.469:DEBUG:SwaggerOperationResponseClassReader:74] Setting response class to:List
[11:21:40.470:DEBUG:OperationModelsProvider:76] Adding return parameter of type V
[11:21:40.470:DEBUG:OperationModelsProvider:83] Reading parameters models for handlerMethod |postCode|
[11:21:40.471:DEBUG:OperationModelsProvider:90] Adding input parameter of type Lcom/skcc/start/entity/common/Code;
[11:21:40.471:DEBUG:OperationModelsProvider:94] Finished reading parameters models for handlerMethod |postCode|
[11:21:40.471:DEBUG:SwaggerOperationModelsProvider:84] Reading parameters models for handlerMethod |postCode|
[11:21:40.471:DEBUG:DefaultModelProvider:80] Skipping model of type V as its either a container type, map, enum or base type, or its already been handled
[11:21:40.471:DEBUG:ApiModelReader:74] Did not find any parameter models for void
[11:21:40.472:DEBUG:OptimizedModelPropertiesProvider:121] Reading property id
[11:21:40.473:DEBUG:ObjectMapperBeanPropertyNamingStrategy:76] Name 'id' renamed to 'id'
[11:21:40.474:DEBUG:OptimizedModelPropertiesProvider:319] Adding property id to model
[11:21:40.474:DEBUG:OptimizedModelPropertiesProvider:121] Reading property groupCode
[11:21:40.474:DEBUG:ObjectMapperBeanPropertyNamingStrategy:76] Name 'groupCode' renamed to 'groupCode'
[11:21:40.474:DEBUG:OptimizedModelPropertiesProvider:319] Adding property groupCode to model
[11:21:40.474:DEBUG:OptimizedModelPropertiesProvider:121] Reading property code
[11:21:40.474:DEBUG:ObjectMapperBeanPropertyNamingStrategy:76] Name 'code' renamed to 'code'
[11:21:40.475:DEBUG:OptimizedModelPropertiesProvider:319] Adding property code to model
[11:21:40.475:DEBUG:OptimizedModelPropertiesProvider:121] Reading property value
[11:21:40.475:DEBUG:ObjectMapperBeanPropertyNamingStrategy:76] Name 'value' renamed to 'value'
[11:21:40.475:DEBUG:OptimizedModelPropertiesProvider:319] Adding property value to model
[11:21:40.475:DEBUG:DefaultModelProvider:86] Inferred 4 properties. Properties found code, groupCode, id, value
[11:21:40.475:DEBUG:ApiModelReader:69] Generated parameter model id: Code, name: Code, schema: {} models
[11:21:40.477:DEBUG:OperationResponseClassReader:59] Setting spring response class to: null
[11:21:40.477:DEBUG:OperationAuthReader:99] Authorization count 0 for method postCode
[11:21:40.479:DEBUG:OperationModelsProvider:76] Adding return parameter of type Ljava/lang/Object;
[11:21:40.479:DEBUG:OperationModelsProvider:83] Reading parameters models for handlerMethod |invoke|
[11:21:40.479:DEBUG:OperationModelsProvider:94] Finished reading parameters models for handlerMethod |invoke|
[11:21:40.480:DEBUG:SwaggerOperationModelsProvider:84] Reading parameters models for handlerMethod |invoke|
[11:21:40.480:DEBUG:ApiModelReader:74] Did not find any parameter models for java.lang.Object
[11:21:40.481:DEBUG:OperationResponseClassReader:59] Setting spring response class to: object
[11:21:40.481:DEBUG:OperationAuthReader:99] Authorization count 0 for method invoke
[11:21:40.481:DEBUG:SwaggerOperationResponseClassReader:74] Setting response class to:object
[11:21:40.482:DEBUG:OperationResponseClassReader:59] Setting spring response class to: object
[11:21:40.483:DEBUG:OperationAuthReader:99] Authorization count 0 for method invoke
[11:21:40.483:DEBUG:SwaggerOperationResponseClassReader:74] Setting response class to:object
[11:21:40.484:INFO :CachingOperationNameGenerator:40] Generating unique operation named: invokeUsingGET_1
[11:21:40.484:DEBUG:OperationModelsProvider:76] Adding return parameter of type Ljava/lang/Object;
[11:21:40.484:DEBUG:OperationModelsProvider:83] Reading parameters models for handlerMethod |invoke|
[11:21:40.484:DEBUG:OperationModelsProvider:94] Finished reading parameters models for handlerMethod |invoke|
[11:21:40.485:DEBUG:SwaggerOperationModelsProvider:84] Reading parameters models for handlerMethod |invoke|
[11:21:40.485:DEBUG:ApiModelReader:74] Did not find any parameter models for java.lang.Object
[11:21:40.486:DEBUG:OperationResponseClassReader:59] Setting spring response class to: object
[11:21:40.487:DEBUG:OperationAuthReader:99] Authorization count 0 for method invoke
[11:21:40.487:DEBUG:SwaggerOperationResponseClassReader:74] Setting response class to:object
[11:21:40.487:INFO :CachingOperationNameGenerator:40] Generating unique operation named: invokeUsingGET_2
[11:21:40.488:DEBUG:OperationResponseClassReader:59] Setting spring response class to: object
[11:21:40.489:DEBUG:OperationAuthReader:99] Authorization count 0 for method invoke
[11:21:40.489:DEBUG:SwaggerOperationResponseClassReader:74] Setting response class to:object
[11:21:40.489:INFO :CachingOperationNameGenerator:40] Generating unique operation named: invokeUsingGET_3
[11:21:40.490:DEBUG:OperationModelsProvider:76] Adding return parameter of type Ljava/lang/Object;
[11:21:40.490:DEBUG:OperationModelsProvider:83] Reading parameters models for handlerMethod |invoke|
[11:21:40.490:DEBUG:OperationModelsProvider:94] Finished reading parameters models for handlerMethod |invoke|
[11:21:40.490:DEBUG:SwaggerOperationModelsProvider:84] Reading parameters models for handlerMethod |invoke|
[11:21:40.491:DEBUG:ApiModelReader:74] Did not find any parameter models for java.lang.Object
[11:21:40.491:DEBUG:OperationResponseClassReader:59] Setting spring response class to: object
[11:21:40.492:DEBUG:OperationAuthReader:99] Authorization count 0 for method invoke
[11:21:40.492:DEBUG:SwaggerOperationResponseClassReader:74] Setting response class to:object
[11:21:40.492:INFO :CachingOperationNameGenerator:40] Generating unique operation named: invokeUsingGET_4
[11:21:40.493:DEBUG:OperationResponseClassReader:59] Setting spring response class to: object
[11:21:40.494:DEBUG:OperationAuthReader:99] Authorization count 0 for method invoke
[11:21:40.494:DEBUG:SwaggerOperationResponseClassReader:74] Setting response class to:object
[11:21:40.494:INFO :CachingOperationNameGenerator:40] Generating unique operation named: invokeUsingGET_5
[11:21:40.495:DEBUG:OperationModelsProvider:76] Adding return parameter of type Ljava/lang/Object;
[11:21:40.495:DEBUG:OperationModelsProvider:83] Reading parameters models for handlerMethod |invoke|
[11:21:40.495:DEBUG:OperationModelsProvider:94] Finished reading parameters models for handlerMethod |invoke|
[11:21:40.495:DEBUG:SwaggerOperationModelsProvider:84] Reading parameters models for handlerMethod |invoke|
[11:21:40.495:DEBUG:ApiModelReader:74] Did not find any parameter models for java.lang.Object
[11:21:40.496:DEBUG:OperationResponseClassReader:59] Setting spring response class to: object
[11:21:40.497:DEBUG:OperationAuthReader:99] Authorization count 0 for method invoke
[11:21:40.497:DEBUG:SwaggerOperationResponseClassReader:74] Setting response class to:object
[11:21:40.498:INFO :CachingOperationNameGenerator:40] Generating unique operation named: invokeUsingGET_6
[11:21:40.498:DEBUG:OperationResponseClassReader:59] Setting spring response class to: object
[11:21:40.499:DEBUG:OperationAuthReader:99] Authorization count 0 for method invoke
[11:21:40.499:DEBUG:SwaggerOperationResponseClassReader:74] Setting response class to:object
[11:21:40.500:INFO :CachingOperationNameGenerator:40] Generating unique operation named: invokeUsingGET_7
[11:21:40.500:DEBUG:OperationModelsProvider:76] Adding return parameter of type Ljava/lang/Object;
[11:21:40.500:DEBUG:OperationModelsProvider:83] Reading parameters models for handlerMethod |invoke|
[11:21:40.500:DEBUG:OperationModelsProvider:94] Finished reading parameters models for handlerMethod |invoke|
[11:21:40.501:DEBUG:SwaggerOperationModelsProvider:84] Reading parameters models for handlerMethod |invoke|
[11:21:40.501:DEBUG:ApiModelReader:74] Did not find any parameter models for java.lang.Object
[11:21:40.501:DEBUG:OperationResponseClassReader:59] Setting spring response class to: object
[11:21:40.502:DEBUG:OperationAuthReader:99] Authorization count 0 for method invoke
[11:21:40.502:DEBUG:SwaggerOperationResponseClassReader:74] Setting response class to:object
[11:21:40.503:INFO :CachingOperationNameGenerator:40] Generating unique operation named: invokeUsingGET_8
[11:21:40.503:DEBUG:OperationResponseClassReader:59] Setting spring response class to: object
[11:21:40.504:DEBUG:OperationAuthReader:99] Authorization count 0 for method invoke
[11:21:40.504:DEBUG:SwaggerOperationResponseClassReader:74] Setting response class to:object
[11:21:40.504:INFO :CachingOperationNameGenerator:40] Generating unique operation named: invokeUsingGET_9
[11:21:40.505:DEBUG:OperationModelsProvider:76] Adding return parameter of type Ljava/lang/Object;
[11:21:40.505:DEBUG:OperationModelsProvider:83] Reading parameters models for handlerMethod |invoke|
[11:21:40.505:DEBUG:OperationModelsProvider:94] Finished reading parameters models for handlerMethod |invoke|
[11:21:40.505:DEBUG:SwaggerOperationModelsProvider:84] Reading parameters models for handlerMethod |invoke|
[11:21:40.506:DEBUG:ApiModelReader:74] Did not find any parameter models for java.lang.Object
[11:21:40.506:DEBUG:OperationResponseClassReader:59] Setting spring response class to: object
[11:21:40.506:DEBUG:OperationAuthReader:99] Authorization count 0 for method invoke
[11:21:40.507:DEBUG:SwaggerOperationResponseClassReader:74] Setting response class to:object
[11:21:40.507:INFO :CachingOperationNameGenerator:40] Generating unique operation named: invokeUsingGET_10
[11:21:40.508:DEBUG:OperationResponseClassReader:59] Setting spring response class to: object
[11:21:40.509:DEBUG:OperationAuthReader:99] Authorization count 0 for method invoke
[11:21:40.509:DEBUG:SwaggerOperationResponseClassReader:74] Setting response class to:object
[11:21:40.509:INFO :CachingOperationNameGenerator:40] Generating unique operation named: invokeUsingGET_11
[11:21:40.510:DEBUG:OperationModelsProvider:76] Adding return parameter of type Ljava/lang/Object;
[11:21:40.510:DEBUG:OperationModelsProvider:83] Reading parameters models for handlerMethod |invoke|
[11:21:40.510:DEBUG:OperationModelsProvider:94] Finished reading parameters models for handlerMethod |invoke|
[11:21:40.510:DEBUG:SwaggerOperationModelsProvider:84] Reading parameters models for handlerMethod |invoke|
[11:21:40.510:DEBUG:ApiModelReader:74] Did not find any parameter models for java.lang.Object
[11:21:40.511:DEBUG:OperationResponseClassReader:59] Setting spring response class to: object
[11:21:40.512:DEBUG:OperationAuthReader:99] Authorization count 0 for method invoke
[11:21:40.512:DEBUG:SwaggerOperationResponseClassReader:74] Setting response class to:object
[11:21:40.512:INFO :CachingOperationNameGenerator:40] Generating unique operation named: invokeUsingGET_12
[11:21:40.513:DEBUG:OperationResponseClassReader:59] Setting spring response class to: object
[11:21:40.514:DEBUG:OperationAuthReader:99] Authorization count 0 for method invoke
[11:21:40.514:DEBUG:SwaggerOperationResponseClassReader:74] Setting response class to:object
[11:21:40.514:INFO :CachingOperationNameGenerator:40] Generating unique operation named: invokeUsingGET_13
[11:21:40.515:DEBUG:OperationModelsProvider:76] Adding return parameter of type Ljava/lang/Object;
[11:21:40.515:DEBUG:OperationModelsProvider:83] Reading parameters models for handlerMethod |invoke|
[11:21:40.515:DEBUG:OperationModelsProvider:94] Finished reading parameters models for handlerMethod |invoke|
[11:21:40.516:DEBUG:SwaggerOperationModelsProvider:84] Reading parameters models for handlerMethod |invoke|
[11:21:40.516:DEBUG:ApiModelReader:74] Did not find any parameter models for java.lang.Object
[11:21:40.517:DEBUG:OperationResponseClassReader:59] Setting spring response class to: object
[11:21:40.517:DEBUG:OperationAuthReader:99] Authorization count 0 for method invoke
[11:21:40.518:DEBUG:SwaggerOperationResponseClassReader:74] Setting response class to:object
[11:21:40.518:INFO :CachingOperationNameGenerator:40] Generating unique operation named: invokeUsingGET_14
[11:21:40.519:DEBUG:OperationResponseClassReader:59] Setting spring response class to: object
[11:21:40.519:DEBUG:OperationAuthReader:99] Authorization count 0 for method invoke
[11:21:40.520:DEBUG:SwaggerOperationResponseClassReader:74] Setting response class to:object
[11:21:40.520:INFO :CachingOperationNameGenerator:40] Generating unique operation named: invokeUsingGET_15
[11:21:40.521:DEBUG:OperationModelsProvider:76] Adding return parameter of type Ljava/lang/Object;
[11:21:40.521:DEBUG:OperationModelsProvider:83] Reading parameters models for handlerMethod |value|
[11:21:40.521:DEBUG:OperationModelsProvider:94] Finished reading parameters models for handlerMethod |value|
[11:21:40.522:DEBUG:SwaggerOperationModelsProvider:84] Reading parameters models for handlerMethod |value|
[11:21:40.522:DEBUG:ApiModelReader:74] Did not find any parameter models for java.lang.Object
[11:21:40.523:DEBUG:OperationResponseClassReader:59] Setting spring response class to: object
[11:21:40.524:DEBUG:OperationAuthReader:99] Authorization count 0 for method value
[11:21:40.524:DEBUG:SwaggerOperationResponseClassReader:74] Setting response class to:object
[11:21:40.526:DEBUG:OperationModelsProvider:76] Adding return parameter of type Ljava/lang/Object;
[11:21:40.526:DEBUG:OperationModelsProvider:83] Reading parameters models for handlerMethod |invoke|
[11:21:40.527:DEBUG:OperationModelsProvider:94] Finished reading parameters models for handlerMethod |invoke|
[11:21:40.527:DEBUG:SwaggerOperationModelsProvider:84] Reading parameters models for handlerMethod |invoke|
[11:21:40.527:DEBUG:ApiModelReader:74] Did not find any parameter models for java.lang.Object
[11:21:40.529:DEBUG:ModelAttributeParameterExpander:79] Expanding parameter type: java.security.Principal
[11:21:40.532:DEBUG:OperationResponseClassReader:59] Setting spring response class to: object
[11:21:40.533:DEBUG:OperationAuthReader:99] Authorization count 0 for method invoke
[11:21:40.533:DEBUG:SwaggerOperationResponseClassReader:74] Setting response class to:object
[11:21:40.534:INFO :CachingOperationNameGenerator:40] Generating unique operation named: invokeUsingGET_16
[11:21:40.535:DEBUG:ModelAttributeParameterExpander:79] Expanding parameter type: java.security.Principal
[11:21:40.536:DEBUG:OperationResponseClassReader:59] Setting spring response class to: object
[11:21:40.536:DEBUG:OperationAuthReader:99] Authorization count 0 for method invoke
[11:21:40.537:DEBUG:SwaggerOperationResponseClassReader:74] Setting response class to:object
[11:21:40.538:INFO :CachingOperationNameGenerator:40] Generating unique operation named: invokeUsingGET_17
[11:21:40.539:DEBUG:OperationModelsProvider:76] Adding return parameter of type V
[11:21:40.539:DEBUG:OperationModelsProvider:83] Reading parameters models for handlerMethod |invoke|
[11:21:40.540:DEBUG:OperationModelsProvider:94] Finished reading parameters models for handlerMethod |invoke|
[11:21:40.540:DEBUG:SwaggerOperationModelsProvider:84] Reading parameters models for handlerMethod |invoke|
[11:21:40.540:DEBUG:ApiModelReader:74] Did not find any parameter models for void
[11:21:40.543:DEBUG:OperationResponseClassReader:59] Setting spring response class to: null
[11:21:40.543:DEBUG:OperationAuthReader:99] Authorization count 0 for method invoke
[11:21:40.545:INFO :CachingOperationNameGenerator:40] Generating unique operation named: invokeUsingGET_18
[11:21:40.547:DEBUG:OperationResponseClassReader:59] Setting spring response class to: null
[11:21:40.547:DEBUG:OperationAuthReader:99] Authorization count 0 for method invoke
[11:21:40.549:INFO :CachingOperationNameGenerator:40] Generating unique operation named: invokeUsingGET_19
[11:21:40.550:DEBUG:OperationModelsProvider:76] Adding return parameter of type Ljava/lang/Object;
[11:21:40.550:DEBUG:OperationModelsProvider:83] Reading parameters models for handlerMethod |get|
[11:21:40.551:DEBUG:OperationModelsProvider:94] Finished reading parameters models for handlerMethod |get|
[11:21:40.551:DEBUG:SwaggerOperationModelsProvider:84] Reading parameters models for handlerMethod |get|
[11:21:40.552:DEBUG:ApiModelReader:74] Did not find any parameter models for java.lang.Object
[11:21:40.553:DEBUG:OperationResponseClassReader:59] Setting spring response class to: object
[11:21:40.554:DEBUG:OperationAuthReader:99] Authorization count 0 for method get
[11:21:40.555:DEBUG:SwaggerOperationResponseClassReader:74] Setting response class to:object
[11:21:40.556:DEBUG:OperationModelsProvider:76] Adding return parameter of type Ljava/lang/Object;
[11:21:40.557:DEBUG:OperationModelsProvider:83] Reading parameters models for handlerMethod |invoke|
[11:21:40.557:DEBUG:OperationModelsProvider:94] Finished reading parameters models for handlerMethod |invoke|
[11:21:40.558:DEBUG:SwaggerOperationModelsProvider:84] Reading parameters models for handlerMethod |invoke|
[11:21:40.558:DEBUG:ApiModelReader:74] Did not find any parameter models for java.lang.Object
[11:21:40.559:DEBUG:OperationResponseClassReader:59] Setting spring response class to: object
[11:21:40.560:DEBUG:OperationAuthReader:99] Authorization count 0 for method invoke
[11:21:40.561:DEBUG:SwaggerOperationResponseClassReader:74] Setting response class to:object
[11:21:40.562:INFO :CachingOperationNameGenerator:40] Generating unique operation named: invokeUsingGET_20
[11:21:40.563:DEBUG:OperationResponseClassReader:59] Setting spring response class to: object
[11:21:40.564:DEBUG:OperationAuthReader:99] Authorization count 0 for method invoke
[11:21:40.564:DEBUG:SwaggerOperationResponseClassReader:74] Setting response class to:object
[11:21:40.565:INFO :CachingOperationNameGenerator:40] Generating unique operation named: invokeUsingGET_21
[11:21:40.565:DEBUG:OperationModelsProvider:76] Adding return parameter of type Ljava/lang/Object;
[11:21:40.565:DEBUG:OperationModelsProvider:83] Reading parameters models for handlerMethod |set|
[11:21:40.566:DEBUG:OperationModelsProvider:90] Adding input parameter of type Ljava/util/Map<Ljava/lang/String;Ljava/lang/String;>;
[11:21:40.566:DEBUG:OperationModelsProvider:94] Finished reading parameters models for handlerMethod |set|
[11:21:40.566:DEBUG:SwaggerOperationModelsProvider:84] Reading parameters models for handlerMethod |set|
[11:21:40.566:DEBUG:ApiModelReader:74] Did not find any parameter models for java.lang.Object
[11:21:40.567:DEBUG:DefaultModelProvider:80] Skipping model of type Ljava/util/Map<Ljava/lang/String;Ljava/lang/String;>; as its either a container type, map, enum or base type, or its already been handled
[11:21:40.567:DEBUG:ApiModelReader:74] Did not find any parameter models for java.util.Map<java.lang.String,java.lang.String>
[11:21:40.567:DEBUG:DefaultModelDependencyProvider:124] Adding type for parameter Ljava/lang/String;
[11:21:40.567:DEBUG:DefaultModelDependencyProvider:126] Recursively resolving dependencies for parameter Ljava/lang/String;
[11:21:40.567:DEBUG:DefaultModelDependencyProvider:99] Marking base type Ljava/lang/String; as seen
[11:21:40.567:DEBUG:DefaultModelDependencyProvider:124] Adding type for parameter Ljava/lang/String;
[11:21:40.567:DEBUG:DefaultModelDependencyProvider:126] Recursively resolving dependencies for parameter Ljava/lang/String;
[11:21:40.568:DEBUG:DefaultModelDependencyProvider:99] Marking base type Ljava/lang/String; as seen
[11:21:40.570:DEBUG:OperationResponseClassReader:59] Setting spring response class to: object
[11:21:40.570:DEBUG:OperationAuthReader:99] Authorization count 0 for method set
[11:21:40.571:DEBUG:SwaggerOperationResponseClassReader:74] Setting response class to:object
[11:21:40.573:DEBUG:OperationModelsProvider:76] Adding return parameter of type Ljava/lang/String;
[11:21:40.573:DEBUG:OperationModelsProvider:83] Reading parameters models for handlerMethod |main|
[11:21:40.573:DEBUG:OperationModelsProvider:94] Finished reading parameters models for handlerMethod |main|
[11:21:40.573:DEBUG:SwaggerOperationModelsProvider:84] Reading parameters models for handlerMethod |main|
[11:21:40.573:DEBUG:DefaultModelProvider:80] Skipping model of type Ljava/lang/String; as its either a container type, map, enum or base type, or its already been handled
[11:21:40.573:DEBUG:ApiModelReader:74] Did not find any parameter models for java.lang.String
[11:21:40.573:DEBUG:DefaultModelDependencyProvider:99] Marking base type Ljava/lang/String; as seen
[11:21:40.574:DEBUG:OperationResponseClassReader:59] Setting spring response class to: string
[11:21:40.574:DEBUG:OperationAuthReader:99] Authorization count 0 for method main
[11:21:40.575:DEBUG:SwaggerOperationResponseClassReader:74] Setting response class to:string
[11:21:40.576:DEBUG:OperationModelsProvider:76] Adding return parameter of type Ljava/lang/Object;
[11:21:40.576:DEBUG:OperationModelsProvider:83] Reading parameters models for handlerMethod |invoke|
[11:21:40.576:DEBUG:OperationModelsProvider:94] Finished reading parameters models for handlerMethod |invoke|
[11:21:40.576:DEBUG:SwaggerOperationModelsProvider:84] Reading parameters models for handlerMethod |invoke|
[11:21:40.576:DEBUG:ApiModelReader:74] Did not find any parameter models for java.lang.Object
[11:21:40.577:DEBUG:OperationResponseClassReader:59] Setting spring response class to: object
[11:21:40.577:DEBUG:OperationAuthReader:99] Authorization count 0 for method invoke
[11:21:40.578:DEBUG:SwaggerOperationResponseClassReader:74] Setting response class to:object
[11:21:40.578:INFO :CachingOperationNameGenerator:40] Generating unique operation named: invokeUsingGET_22
[11:21:40.579:DEBUG:OperationResponseClassReader:59] Setting spring response class to: object
[11:21:40.579:DEBUG:OperationAuthReader:99] Authorization count 0 for method invoke
[11:21:40.580:DEBUG:SwaggerOperationResponseClassReader:74] Setting response class to:object
[11:21:40.580:INFO :CachingOperationNameGenerator:40] Generating unique operation named: invokeUsingGET_23
[11:21:40.581:DEBUG:OperationModelsProvider:76] Adding return parameter of type Ljava/lang/Object;
[11:21:40.581:DEBUG:OperationModelsProvider:83] Reading parameters models for handlerMethod |value|
[11:21:40.581:DEBUG:OperationModelsProvider:94] Finished reading parameters models for handlerMethod |value|
[11:21:40.581:DEBUG:SwaggerOperationModelsProvider:84] Reading parameters models for handlerMethod |value|
[11:21:40.582:DEBUG:ApiModelReader:74] Did not find any parameter models for java.lang.Object
[11:21:40.583:DEBUG:OperationResponseClassReader:59] Setting spring response class to: object
[11:21:40.583:DEBUG:OperationAuthReader:99] Authorization count 0 for method value
[11:21:40.584:DEBUG:SwaggerOperationResponseClassReader:74] Setting response class to:object
[11:21:40.584:INFO :CachingOperationNameGenerator:40] Generating unique operation named: valueUsingGET_1
[11:21:40.616:INFO :Http11NioProtocol:179] Initializing ProtocolHandler ["http-nio-8080"]
[11:21:40.621:INFO :Http11NioProtocol:179] Starting ProtocolHandler ["http-nio-8080"]
[11:21:40.643:INFO :NioSelectorPool:179] Using a shared selector for servlet write/read
[11:21:40.658:INFO :TomcatEmbeddedServletContainer:201] Tomcat started on port(s): 8080 (http)
[11:21:40.664:INFO :AppMain:57] Started AppMain in 9.353 seconds (JVM running for 10.438)
[11:21:40.665:DEBUG:AppMain:23] name: accessorsProvider
[11:21:40.665:DEBUG:AppMain:23] name: actuatorMetricReader
[11:21:40.665:DEBUG:AppMain:23] name: advice
[11:21:40.665:DEBUG:AppMain:23] name: api
[11:21:40.665:DEBUG:AppMain:23] name: apiDescriptionLookup
[11:21:40.665:DEBUG:AppMain:23] name: apiDescriptionReader
[11:21:40.665:DEBUG:AppMain:23] name: apiDocumentationScanner
[11:21:40.665:DEBUG:AppMain:23] name: apiListingBuilderPluginRegistry
[11:21:40.665:DEBUG:AppMain:23] name: apiListingReader
[11:21:40.665:DEBUG:AppMain:23] name: apiListingReferenceScanner
[11:21:40.665:DEBUG:AppMain:23] name: apiListingScanner
[11:21:40.665:DEBUG:AppMain:23] name: apiListingScannerPluginRegistry
[11:21:40.665:DEBUG:AppMain:23] name: apiModelBuilder
[11:21:40.665:DEBUG:AppMain:23] name: apiModelPropertyPropertyBuilder
[11:21:40.665:DEBUG:AppMain:23] name: apiModelReader
[11:21:40.666:DEBUG:AppMain:23] name: apiModelTypeNameProvider
[11:21:40.666:DEBUG:AppMain:23] name: apiOperationReader
[11:21:40.666:DEBUG:AppMain:23] name: apiResourceController
[11:21:40.666:DEBUG:AppMain:23] name: appMain
[11:21:40.666:DEBUG:AppMain:23] name: applicationContextIdFilter
[11:21:40.666:DEBUG:AppMain:23] name: auditEventMvcEndpoint
[11:21:40.666:DEBUG:AppMain:23] name: auditEventRepository
[11:21:40.666:DEBUG:AppMain:23] name: auditEventsEndpoint
[11:21:40.666:DEBUG:AppMain:23] name: auditListener
[11:21:40.666:DEBUG:AppMain:23] name: autoConfigurationReportEndpoint
[11:21:40.666:DEBUG:AppMain:23] name: baseConfig
[11:21:40.666:DEBUG:AppMain:23] name: basicErrorController
[11:21:40.666:DEBUG:AppMain:23] name: beanNameHandlerMapping
[11:21:40.666:DEBUG:AppMain:23] name: beanNameViewResolver
[11:21:40.666:DEBUG:AppMain:23] name: beansEndpoint
[11:21:40.666:DEBUG:AppMain:23] name: cachingModelDependencyProvider
[11:21:40.666:DEBUG:AppMain:23] name: cachingModelPropertiesProvider
[11:21:40.666:DEBUG:AppMain:23] name: cachingModelProvider
[11:21:40.666:DEBUG:AppMain:23] name: cachingOperationNameGenerator
[11:21:40.666:DEBUG:AppMain:23] name: cachingOperationReader
[11:21:40.666:DEBUG:AppMain:23] name: characterEncodingFilter
[11:21:40.666:DEBUG:AppMain:23] name: classOrApiAnnotationResourceGrouping
[11:21:40.667:DEBUG:AppMain:23] name: classPathFileSystemWatcher
[11:21:40.667:DEBUG:AppMain:23] name: classPathRestartStrategy
[11:21:40.667:DEBUG:AppMain:23] name: codeController
[11:21:40.667:DEBUG:AppMain:23] name: codeRepository
[11:21:40.667:DEBUG:AppMain:23] name: codeService
[11:21:40.667:DEBUG:AppMain:23] name: commons
[11:21:40.667:DEBUG:AppMain:23] name: configurationPropertiesReportEndpoint
[11:21:40.667:DEBUG:AppMain:23] name: conventionErrorViewResolver
[11:21:40.667:DEBUG:AppMain:23] name: counterBuffers
[11:21:40.667:DEBUG:AppMain:23] name: counterService
[11:21:40.667:DEBUG:AppMain:23] name: dataSourceInitializedPublisher
[11:21:40.667:DEBUG:AppMain:23] name: dataSourceInitializer
[11:21:40.667:DEBUG:AppMain:23] name: dataSourceInitializerPostProcessor
[11:21:40.667:DEBUG:AppMain:23] name: dataSourcePublicMetrics
[11:21:40.667:DEBUG:AppMain:23] name: dbHealthIndicator
[11:21:40.667:DEBUG:AppMain:23] name: defaultModelDependencyProvider
[11:21:40.667:DEBUG:AppMain:23] name: defaultModelProvider
[11:21:40.667:DEBUG:AppMain:23] name: defaultOperationReader
[11:21:40.667:DEBUG:AppMain:23] name: defaultServletHandlerMapping
[11:21:40.667:DEBUG:AppMain:23] name: defaultTagsProvider
[11:21:40.667:DEBUG:AppMain:23] name: defaultValidator
[11:21:40.667:DEBUG:AppMain:23] name: defaultViewResolver
[11:21:40.668:DEBUG:AppMain:23] name: defaults
[11:21:40.668:DEBUG:AppMain:23] name: defaultsProviderPluginRegistry
[11:21:40.668:DEBUG:AppMain:23] name: descriptionResolver
[11:21:40.668:DEBUG:AppMain:23] name: diskSpaceHealthIndicator
[11:21:40.668:DEBUG:AppMain:23] name: diskSpaceHealthIndicatorProperties
[11:21:40.668:DEBUG:AppMain:23] name: dispatcherServlet
[11:21:40.668:DEBUG:AppMain:23] name: dispatcherServletRegistration
[11:21:40.668:DEBUG:AppMain:23] name: documentationPluginRegistry
[11:21:40.668:DEBUG:AppMain:23] name: documentationPluginsBootstrapper
[11:21:40.668:DEBUG:AppMain:23] name: documentationPluginsManager
[11:21:40.668:DEBUG:AppMain:23] name: dumpEndpoint
[11:21:40.668:DEBUG:AppMain:23] name: duplicateServerPropertiesDetector
[11:21:40.668:DEBUG:AppMain:23] name: emBeanDefinitionRegistrarPostProcessor
[11:21:40.668:DEBUG:AppMain:23] name: embeddedServletContainerCustomizerBeanPostProcessor
[11:21:40.668:DEBUG:AppMain:23] name: endpointHandlerMapping
[11:21:40.668:DEBUG:AppMain:23] name: endpointMBeanExporter
[11:21:40.668:DEBUG:AppMain:23] name: endpoints-org.springframework.boot.actuate.endpoint.EndpointProperties
[11:21:40.668:DEBUG:AppMain:23] name: endpoints.cors-org.springframework.boot.actuate.autoconfigure.EndpointCorsProperties
[11:21:40.668:DEBUG:AppMain:23] name: endpoints.health-org.springframework.boot.actuate.autoconfigure.HealthMvcEndpointProperties
[11:21:40.668:DEBUG:AppMain:23] name: endpoints.jmx-org.springframework.boot.actuate.autoconfigure.EndpointMBeanExportProperties
[11:21:40.668:DEBUG:AppMain:23] name: endpoints.metrics.filter-org.springframework.boot.actuate.autoconfigure.MetricFilterProperties
[11:21:40.669:DEBUG:AppMain:23] name: entityManagerFactory
[11:21:40.669:DEBUG:AppMain:23] name: entityManagerFactoryBuilder
[11:21:40.669:DEBUG:AppMain:23] name: envInfoContributor
[11:21:40.669:DEBUG:AppMain:23] name: environmentEndpoint
[11:21:40.669:DEBUG:AppMain:23] name: environmentMvcEndpoint
[11:21:40.669:DEBUG:AppMain:23] name: error
[11:21:40.669:DEBUG:AppMain:23] name: errorAttributes
[11:21:40.669:DEBUG:AppMain:23] name: errorPageCustomizer
[11:21:40.669:DEBUG:AppMain:23] name: errorPageRegistrarBeanPostProcessor
[11:21:40.669:DEBUG:AppMain:23] name: expandedParameterBuilder
[11:21:40.669:DEBUG:AppMain:23] name: expandedParameterBuilderPluginRegistry
[11:21:40.669:DEBUG:AppMain:23] name: factoryMethodProvider
[11:21:40.669:DEBUG:AppMain:23] name: faviconHandlerMapping
[11:21:40.669:DEBUG:AppMain:23] name: faviconRequestHandler
[11:21:40.669:DEBUG:AppMain:23] name: fieldProvider
[11:21:40.669:DEBUG:AppMain:23] name: fileSystemWatcherFactory
[11:21:40.669:DEBUG:AppMain:23] name: gaugeBuffers
[11:21:40.669:DEBUG:AppMain:23] name: gaugeService
[11:21:40.669:DEBUG:AppMain:23] name: handlerExceptionResolver
[11:21:40.669:DEBUG:AppMain:23] name: hateoasObjenesisCacheDisabler
[11:21:40.669:DEBUG:AppMain:23] name: healthAggregator
[11:21:40.669:DEBUG:AppMain:23] name: healthEndpoint
[11:21:40.669:DEBUG:AppMain:23] name: healthMvcEndpoint
[11:21:40.670:DEBUG:AppMain:23] name: heapdumpMvcEndpoint
[11:21:40.670:DEBUG:AppMain:23] name: hiddenHttpMethodFilter
[11:21:40.670:DEBUG:AppMain:23] name: httpPutFormContentFilter
[11:21:40.670:DEBUG:AppMain:23] name: httpRequestHandlerAdapter
[11:21:40.670:DEBUG:AppMain:23] name: inMemorySwaggerResourcesProvider
[11:21:40.670:DEBUG:AppMain:23] name: infoEndpoint
[11:21:40.670:DEBUG:AppMain:23] name: jacksonGeoModule
[11:21:40.670:DEBUG:AppMain:23] name: jacksonObjectMapper
[11:21:40.670:DEBUG:AppMain:23] name: jacksonObjectMapperBuilder
[11:21:40.670:DEBUG:AppMain:23] name: jdbcTemplate
[11:21:40.670:DEBUG:AppMain:23] name: jpaContext
[11:21:40.670:DEBUG:AppMain:23] name: jpaMappingContext
[11:21:40.670:DEBUG:AppMain:23] name: jpaVendorAdapter
[11:21:40.670:DEBUG:AppMain:23] name: jsonComponentModule
[11:21:40.670:DEBUG:AppMain:23] name: jsonSerializer
[11:21:40.670:DEBUG:AppMain:23] name: licenseMapperImpl
[11:21:40.670:DEBUG:AppMain:23] name: localeCharsetMappingsCustomizer
[11:21:40.670:DEBUG:AppMain:23] name: loggersEndpoint
[11:21:40.670:DEBUG:AppMain:23] name: loggersMvcEndpoint
[11:21:40.670:DEBUG:AppMain:23] name: mainController
[11:21:40.670:DEBUG:AppMain:23] name: management.health.status-org.springframework.boot.actuate.autoconfigure.HealthIndicatorProperties
[11:21:40.670:DEBUG:AppMain:23] name: management.info-org.springframework.boot.actuate.autoconfigure.InfoContributorProperties
[11:21:40.670:DEBUG:AppMain:23] name: management.trace-org.springframework.boot.actuate.trace.TraceProperties
[11:21:40.671:DEBUG:AppMain:23] name: managementContextResolver
[11:21:40.671:DEBUG:AppMain:23] name: managementServerProperties
[11:21:40.671:DEBUG:AppMain:23] name: managementServletContext
[11:21:40.671:DEBUG:AppMain:23] name: mappingJackson2HttpMessageConverter
[11:21:40.671:DEBUG:AppMain:23] name: mariaPrimaryConfig
[11:21:40.671:DEBUG:AppMain:23] name: mariaPrimaryDataSource
[11:21:40.671:DEBUG:AppMain:23] name: mbeanExporter
[11:21:40.671:DEBUG:AppMain:23] name: mbeanServer
[11:21:40.671:DEBUG:AppMain:23] name: mediaTypeReader
[11:21:40.671:DEBUG:AppMain:23] name: messageConverters
[11:21:40.671:DEBUG:AppMain:23] name: methodValidationPostProcessor
[11:21:40.671:DEBUG:AppMain:23] name: metricReaderPublicMetrics
[11:21:40.671:DEBUG:AppMain:23] name: metricWritersMetricExporter
[11:21:40.671:DEBUG:AppMain:23] name: metricsEndpoint
[11:21:40.671:DEBUG:AppMain:23] name: metricsFilter
[11:21:40.671:DEBUG:AppMain:23] name: metricsMvcEndpoint
[11:21:40.671:DEBUG:AppMain:23] name: modelAttributeParameterExpander
[11:21:40.672:DEBUG:AppMain:23] name: modelBuilderPluginRegistry
[11:21:40.672:DEBUG:AppMain:23] name: modelMapperImpl
[11:21:40.672:DEBUG:AppMain:23] name: modelPropertyBuilderPluginRegistry
[11:21:40.672:DEBUG:AppMain:23] name: multipartConfigElement
[11:21:40.672:DEBUG:AppMain:23] name: multipartResolver
[11:21:40.672:DEBUG:AppMain:23] name: mvcContentNegotiationManager
[11:21:40.672:DEBUG:AppMain:23] name: mvcConversionService
[11:21:40.672:DEBUG:AppMain:23] name: mvcEndpoints
[11:21:40.672:DEBUG:AppMain:23] name: mvcHandlerMappingIntrospector
[11:21:40.672:DEBUG:AppMain:23] name: mvcPathMatcher
[11:21:40.672:DEBUG:AppMain:23] name: mvcResourceUrlProvider
[11:21:40.672:DEBUG:AppMain:23] name: mvcUriComponentsContributor
[11:21:40.672:DEBUG:AppMain:23] name: mvcUrlPathHelper
[11:21:40.672:DEBUG:AppMain:23] name: mvcValidator
[11:21:40.672:DEBUG:AppMain:23] name: mvcViewResolver
[11:21:40.672:DEBUG:AppMain:23] name: namedParameterJdbcTemplate
[11:21:40.672:DEBUG:AppMain:23] name: objectMapperBeanPropertyNamingStrategy
[11:21:40.672:DEBUG:AppMain:23] name: objectMapperConfigurer
[11:21:40.672:DEBUG:AppMain:23] name: objectNamingStrategy
[11:21:40.672:DEBUG:AppMain:23] name: openEntityManagerInViewInterceptor
[11:21:40.672:DEBUG:AppMain:23] name: operationAuthReader
[11:21:40.673:DEBUG:AppMain:23] name: operationBuilderPluginRegistry
[11:21:40.673:DEBUG:AppMain:23] name: operationDeprecatedReader
[11:21:40.673:DEBUG:AppMain:23] name: operationHiddenReader
[11:21:40.673:DEBUG:AppMain:23] name: operationHttpMethodReader
[11:21:40.673:DEBUG:AppMain:23] name: operationImplicitParameterReader
[11:21:40.673:DEBUG:AppMain:23] name: operationImplicitParametersReader
[11:21:40.673:DEBUG:AppMain:23] name: operationModelsProvider
[11:21:40.673:DEBUG:AppMain:23] name: operationModelsProviderPluginRegistry
[11:21:40.673:DEBUG:AppMain:23] name: operationNicknameIntoUniqueIdReader
[11:21:40.673:DEBUG:AppMain:23] name: operationNotesReader
[11:21:40.673:DEBUG:AppMain:23] name: operationParameterHeadersConditionReader
[11:21:40.673:DEBUG:AppMain:23] name: operationParameterReader
[11:21:40.673:DEBUG:AppMain:23] name: operationParameterRequestConditionReader
[11:21:40.673:DEBUG:AppMain:23] name: operationPathDecorator
[11:21:40.673:DEBUG:AppMain:23] name: operationPositionReader
[11:21:40.673:DEBUG:AppMain:23] name: operationResponseClassReader
[11:21:40.673:DEBUG:AppMain:23] name: operationSummaryReader
[11:21:40.673:DEBUG:AppMain:23] name: operationTagsReader
[11:21:40.673:DEBUG:AppMain:23] name: optimized
[11:21:40.673:DEBUG:AppMain:23] name: org.springframework.aop.config.internalAutoProxyCreator
[11:21:40.673:DEBUG:AppMain:23] name: org.springframework.boot.actuate.autoconfigure.AuditAutoConfiguration
[11:21:40.673:DEBUG:AppMain:23] name: org.springframework.boot.actuate.autoconfigure.AuditAutoConfiguration$AuditEventRepositoryConfiguration
[11:21:40.674:DEBUG:AppMain:23] name: org.springframework.boot.actuate.autoconfigure.EndpointAutoConfiguration
[11:21:40.674:DEBUG:AppMain:23] name: org.springframework.boot.actuate.autoconfigure.EndpointAutoConfiguration$RequestMappingEndpointConfiguration
[11:21:40.674:DEBUG:AppMain:23] name: org.springframework.boot.actuate.autoconfigure.EndpointMBeanExportAutoConfiguration
[11:21:40.674:DEBUG:AppMain:23] name: org.springframework.boot.actuate.autoconfigure.EndpointWebMvcAutoConfiguration
[11:21:40.674:DEBUG:AppMain:23] name: org.springframework.boot.actuate.autoconfigure.EndpointWebMvcAutoConfiguration$ApplicationContextFilterConfiguration
[11:21:40.674:DEBUG:AppMain:23] name: org.springframework.boot.actuate.autoconfigure.EndpointWebMvcAutoConfiguration$EndpointWebMvcConfiguration
[11:21:40.674:DEBUG:AppMain:23] name: org.springframework.boot.actuate.autoconfigure.EndpointWebMvcManagementContextConfiguration
[11:21:40.674:DEBUG:AppMain:23] name: org.springframework.boot.actuate.autoconfigure.HealthIndicatorAutoConfiguration
[11:21:40.674:DEBUG:AppMain:23] name: org.springframework.boot.actuate.autoconfigure.HealthIndicatorAutoConfiguration$DataSourcesHealthIndicatorConfiguration
[11:21:40.674:DEBUG:AppMain:23] name: org.springframework.boot.actuate.autoconfigure.HealthIndicatorAutoConfiguration$DiskSpaceHealthIndicatorConfiguration
[11:21:40.674:DEBUG:AppMain:23] name: org.springframework.boot.actuate.autoconfigure.InfoContributorAutoConfiguration
[11:21:40.674:DEBUG:AppMain:23] name: org.springframework.boot.actuate.autoconfigure.ManagementServerPropertiesAutoConfiguration
[11:21:40.674:DEBUG:AppMain:23] name: org.springframework.boot.actuate.autoconfigure.MetricExportAutoConfiguration
[11:21:40.674:DEBUG:AppMain:23] name: org.springframework.boot.actuate.autoconfigure.MetricExportAutoConfiguration$MetricExportPropertiesConfiguration
[11:21:40.674:DEBUG:AppMain:23] name: org.springframework.boot.actuate.autoconfigure.MetricExportAutoConfiguration$StatsdConfiguration
[11:21:40.674:DEBUG:AppMain:23] name: org.springframework.boot.actuate.autoconfigure.MetricFilterAutoConfiguration
[11:21:40.674:DEBUG:AppMain:23] name: org.springframework.boot.actuate.autoconfigure.MetricRepositoryAutoConfiguration
[11:21:40.674:DEBUG:AppMain:23] name: org.springframework.boot.actuate.autoconfigure.MetricRepositoryAutoConfiguration$FastMetricServicesConfiguration
[11:21:40.674:DEBUG:AppMain:23] name: org.springframework.boot.actuate.autoconfigure.PublicMetricsAutoConfiguration
[11:21:40.674:DEBUG:AppMain:23] name: org.springframework.boot.actuate.autoconfigure.PublicMetricsAutoConfiguration$DataSourceMetricsConfiguration
[11:21:40.674:DEBUG:AppMain:23] name: org.springframework.boot.actuate.autoconfigure.PublicMetricsAutoConfiguration$TomcatMetricsConfiguration
[11:21:40.674:DEBUG:AppMain:23] name: org.springframework.boot.actuate.autoconfigure.TraceRepositoryAutoConfiguration
[11:21:40.674:DEBUG:AppMain:23] name: org.springframework.boot.actuate.autoconfigure.TraceWebFilterAutoConfiguration
[11:21:40.675:DEBUG:AppMain:23] name: org.springframework.boot.autoconfigure.AutoConfigurationPackages
[11:21:40.675:DEBUG:AppMain:23] name: org.springframework.boot.autoconfigure.admin.SpringApplicationAdminJmxAutoConfiguration
[11:21:40.675:DEBUG:AppMain:23] name: org.springframework.boot.autoconfigure.aop.AopAutoConfiguration
[11:21:40.675:DEBUG:AppMain:23] name: org.springframework.boot.autoconfigure.aop.AopAutoConfiguration$JdkDynamicAutoProxyConfiguration
[11:21:40.675:DEBUG:AppMain:23] name: org.springframework.boot.autoconfigure.condition.BeanTypeRegistry
[11:21:40.675:DEBUG:AppMain:23] name: org.springframework.boot.autoconfigure.context.ConfigurationPropertiesAutoConfiguration
[11:21:40.675:DEBUG:AppMain:23] name: org.springframework.boot.autoconfigure.context.PropertyPlaceholderAutoConfiguration
[11:21:40.675:DEBUG:AppMain:23] name: org.springframework.boot.autoconfigure.dao.PersistenceExceptionTranslationAutoConfiguration
[11:21:40.675:DEBUG:AppMain:23] name: org.springframework.boot.autoconfigure.data.web.SpringDataWebAutoConfiguration
[11:21:40.675:DEBUG:AppMain:23] name: org.springframework.boot.autoconfigure.domain.EntityScanPackages
[11:21:40.675:DEBUG:AppMain:23] name: org.springframework.boot.autoconfigure.info.ProjectInfoAutoConfiguration
[11:21:40.675:DEBUG:AppMain:23] name: org.springframework.boot.autoconfigure.internalCachingMetadataReaderFactory
[11:21:40.675:DEBUG:AppMain:23] name: org.springframework.boot.autoconfigure.jackson.JacksonAutoConfiguration
[11:21:40.675:DEBUG:AppMain:23] name: org.springframework.boot.autoconfigure.jackson.JacksonAutoConfiguration$Jackson2ObjectMapperBuilderCustomizerConfiguration
[11:21:40.675:DEBUG:AppMain:23] name: org.springframework.boot.autoconfigure.jackson.JacksonAutoConfiguration$JacksonObjectMapperBuilderConfiguration
[11:21:40.675:DEBUG:AppMain:23] name: org.springframework.boot.autoconfigure.jackson.JacksonAutoConfiguration$JacksonObjectMapperConfiguration
[11:21:40.675:DEBUG:AppMain:23] name: org.springframework.boot.autoconfigure.jdbc.DataSourceAutoConfiguration
[11:21:40.675:DEBUG:AppMain:23] name: org.springframework.boot.autoconfigure.jdbc.DataSourceTransactionManagerAutoConfiguration
[11:21:40.675:DEBUG:AppMain:23] name: org.springframework.boot.autoconfigure.jdbc.DataSourceTransactionManagerAutoConfiguration$DataSourceTransactionManagerConfiguration
[11:21:40.675:DEBUG:AppMain:23] name: org.springframework.boot.autoconfigure.jdbc.JdbcTemplateAutoConfiguration
[11:21:40.675:DEBUG:AppMain:23] name: org.springframework.boot.autoconfigure.jdbc.metadata.DataSourcePoolMetadataProvidersConfiguration
[11:21:40.675:DEBUG:AppMain:23] name: org.springframework.boot.autoconfigure.jdbc.metadata.DataSourcePoolMetadataProvidersConfiguration$TomcatDataSourcePoolMetadataProviderConfiguration
[11:21:40.675:DEBUG:AppMain:23] name: org.springframework.boot.autoconfigure.jmx.JmxAutoConfiguration
[11:21:40.676:DEBUG:AppMain:23] name: org.springframework.boot.autoconfigure.orm.jpa.HibernateJpaAutoConfiguration
[11:21:40.676:DEBUG:AppMain:23] name: org.springframework.boot.autoconfigure.orm.jpa.JpaBaseConfiguration$JpaWebConfiguration
[11:21:40.676:DEBUG:AppMain:23] name: org.springframework.boot.autoconfigure.orm.jpa.JpaBaseConfiguration$JpaWebConfiguration$JpaWebMvcConfiguration
[11:21:40.676:DEBUG:AppMain:23] name: org.springframework.boot.autoconfigure.transaction.TransactionAutoConfiguration
[11:21:40.676:DEBUG:AppMain:23] name: org.springframework.boot.autoconfigure.transaction.TransactionAutoConfiguration$TransactionTemplateConfiguration
[11:21:40.676:DEBUG:AppMain:23] name: org.springframework.boot.autoconfigure.transaction.jta.JtaAutoConfiguration
[11:21:40.676:DEBUG:AppMain:23] name: org.springframework.boot.autoconfigure.validation.ValidationAutoConfiguration
[11:21:40.676:DEBUG:AppMain:23] name: org.springframework.boot.autoconfigure.web.DispatcherServletAutoConfiguration
[11:21:40.676:DEBUG:AppMain:23] name: org.springframework.boot.autoconfigure.web.DispatcherServletAutoConfiguration$DispatcherServletConfiguration
[11:21:40.676:DEBUG:AppMain:23] name: org.springframework.boot.autoconfigure.web.DispatcherServletAutoConfiguration$DispatcherServletRegistrationConfiguration
[11:21:40.676:DEBUG:AppMain:23] name: org.springframework.boot.autoconfigure.web.EmbeddedServletContainerAutoConfiguration
[11:21:40.676:DEBUG:AppMain:23] name: org.springframework.boot.autoconfigure.web.EmbeddedServletContainerAutoConfiguration$EmbeddedTomcat
[11:21:40.676:DEBUG:AppMain:23] name: org.springframework.boot.autoconfigure.web.ErrorMvcAutoConfiguration
[11:21:40.676:DEBUG:AppMain:23] name: org.springframework.boot.autoconfigure.web.ErrorMvcAutoConfiguration$DefaultErrorViewResolverConfiguration
[11:21:40.676:DEBUG:AppMain:23] name: org.springframework.boot.autoconfigure.web.ErrorMvcAutoConfiguration$WhitelabelErrorViewConfiguration
[11:21:40.676:DEBUG:AppMain:23] name: org.springframework.boot.autoconfigure.web.HttpEncodingAutoConfiguration
[11:21:40.676:DEBUG:AppMain:23] name: org.springframework.boot.autoconfigure.web.HttpMessageConvertersAutoConfiguration
[11:21:40.676:DEBUG:AppMain:23] name: org.springframework.boot.autoconfigure.web.HttpMessageConvertersAutoConfiguration$StringHttpMessageConverterConfiguration
[11:21:40.676:DEBUG:AppMain:23] name: org.springframework.boot.autoconfigure.web.JacksonHttpMessageConvertersConfiguration
[11:21:40.676:DEBUG:AppMain:23] name: org.springframework.boot.autoconfigure.web.JacksonHttpMessageConvertersConfiguration$MappingJackson2HttpMessageConverterConfiguration
[11:21:40.677:DEBUG:AppMain:23] name: org.springframework.boot.autoconfigure.web.MultipartAutoConfiguration
[11:21:40.677:DEBUG:AppMain:23] name: org.springframework.boot.autoconfigure.web.ServerPropertiesAutoConfiguration
[11:21:40.677:DEBUG:AppMain:23] name: org.springframework.boot.autoconfigure.web.WebClientAutoConfiguration
[11:21:40.677:DEBUG:AppMain:23] name: org.springframework.boot.autoconfigure.web.WebClientAutoConfiguration$RestTemplateConfiguration
[11:21:40.677:DEBUG:AppMain:23] name: org.springframework.boot.autoconfigure.web.WebMvcAutoConfiguration
[11:21:40.677:DEBUG:AppMain:23] name: org.springframework.boot.autoconfigure.web.WebMvcAutoConfiguration$EnableWebMvcConfiguration
[11:21:40.677:DEBUG:AppMain:23] name: org.springframework.boot.autoconfigure.web.WebMvcAutoConfiguration$WebMvcAutoConfigurationAdapter
[11:21:40.677:DEBUG:AppMain:23] name: org.springframework.boot.autoconfigure.web.WebMvcAutoConfiguration$WebMvcAutoConfigurationAdapter$FaviconConfiguration
[11:21:40.677:DEBUG:AppMain:23] name: org.springframework.boot.autoconfigure.websocket.WebSocketAutoConfiguration
[11:21:40.677:DEBUG:AppMain:23] name: org.springframework.boot.autoconfigure.websocket.WebSocketAutoConfiguration$TomcatWebSocketConfiguration
[11:21:40.677:DEBUG:AppMain:23] name: org.springframework.boot.context.properties.ConfigurationPropertiesBindingPostProcessor
[11:21:40.677:DEBUG:AppMain:23] name: org.springframework.boot.context.properties.ConfigurationPropertiesBindingPostProcessor.store
[11:21:40.677:DEBUG:AppMain:23] name: org.springframework.boot.devtools.autoconfigure.LocalDevToolsAutoConfiguration
[11:21:40.677:DEBUG:AppMain:23] name: org.springframework.boot.devtools.autoconfigure.LocalDevToolsAutoConfiguration$RestartConfiguration
[11:21:40.677:DEBUG:AppMain:23] name: org.springframework.context.annotation.internalAutowiredAnnotationProcessor
[11:21:40.677:DEBUG:AppMain:23] name: org.springframework.context.annotation.internalCommonAnnotationProcessor
[11:21:40.677:DEBUG:AppMain:23] name: org.springframework.context.annotation.internalConfigurationAnnotationProcessor
[11:21:40.677:DEBUG:AppMain:23] name: org.springframework.context.annotation.internalPersistenceAnnotationProcessor
[11:21:40.677:DEBUG:AppMain:23] name: org.springframework.context.annotation.internalRequiredAnnotationProcessor
[11:21:40.677:DEBUG:AppMain:23] name: org.springframework.context.annotation.internalScheduledAnnotationProcessor
[11:21:40.677:DEBUG:AppMain:23] name: org.springframework.context.event.internalEventListenerFactory
[11:21:40.677:DEBUG:AppMain:23] name: org.springframework.context.event.internalEventListenerProcessor
[11:21:40.677:DEBUG:AppMain:23] name: org.springframework.data.jpa.repository.config.JpaRepositoryConfigExtension#0
[11:21:40.678:DEBUG:AppMain:23] name: org.springframework.data.web.config.SpringDataJacksonConfiguration
[11:21:40.678:DEBUG:AppMain:23] name: org.springframework.data.web.config.SpringDataWebConfiguration
[11:21:40.678:DEBUG:AppMain:23] name: org.springframework.orm.jpa.SharedEntityManagerCreator#0
[11:21:40.678:DEBUG:AppMain:23] name: org.springframework.scheduling.annotation.SchedulingConfiguration
[11:21:40.678:DEBUG:AppMain:23] name: org.springframework.transaction.annotation.ProxyTransactionManagementConfiguration
[11:21:40.678:DEBUG:AppMain:23] name: org.springframework.transaction.config.internalTransactionAdvisor
[11:21:40.678:DEBUG:AppMain:23] name: org.springframework.transaction.config.internalTransactionalEventListenerFactory
[11:21:40.678:DEBUG:AppMain:23] name: pageableResolver
[11:21:40.678:DEBUG:AppMain:23] name: parameterBuilderPluginRegistry
[11:21:40.678:DEBUG:AppMain:23] name: parameterDataTypeReader
[11:21:40.678:DEBUG:AppMain:23] name: parameterDefaultReader
[11:21:40.678:DEBUG:AppMain:23] name: parameterMapperImpl
[11:21:40.678:DEBUG:AppMain:23] name: parameterMultiplesReader
[11:21:40.678:DEBUG:AppMain:23] name: parameterNameReader
[11:21:40.678:DEBUG:AppMain:23] name: parameterRequiredReader
[11:21:40.678:DEBUG:AppMain:23] name: parameterTypeReader
[11:21:40.678:DEBUG:AppMain:23] name: pathDecoratorRegistry
[11:21:40.678:DEBUG:AppMain:23] name: pathMappingDecorator
[11:21:40.679:DEBUG:AppMain:23] name: pathSanitizer
[11:21:40.679:DEBUG:AppMain:23] name: persistenceExceptionTranslationPostProcessor
[11:21:40.679:DEBUG:AppMain:23] name: platformTransactionManagerCustomizers
[11:21:40.679:DEBUG:AppMain:23] name: preserveErrorControllerTargetClassPostProcessor
[11:21:40.679:DEBUG:AppMain:23] name: propertySourcesPlaceholderConfigurer
[11:21:40.679:DEBUG:AppMain:23] name: queryStringUriTemplateDecorator
[11:21:40.679:DEBUG:AppMain:23] name: requestContextFilter
[11:21:40.679:DEBUG:AppMain:23] name: requestMappingEndpoint
[11:21:40.679:DEBUG:AppMain:23] name: requestMappingHandlerAdapter
[11:21:40.679:DEBUG:AppMain:23] name: requestMappingHandlerMapping
[11:21:40.679:DEBUG:AppMain:23] name: resourceGroupCache
[11:21:40.679:DEBUG:AppMain:23] name: resourceGroupingStrategyRegistry
[11:21:40.679:DEBUG:AppMain:23] name: resourceHandlerMapping
[11:21:40.679:DEBUG:AppMain:23] name: responseMessagesReader
[11:21:40.679:DEBUG:AppMain:23] name: restTemplateBuilder
[11:21:40.679:DEBUG:AppMain:23] name: schemaPluginsManager
[11:21:40.679:DEBUG:AppMain:23] name: scopedTarget.commons
[11:21:40.679:DEBUG:AppMain:23] name: securityMapperImpl
[11:21:40.679:DEBUG:AppMain:23] name: serverProperties
[11:21:40.679:DEBUG:AppMain:23] name: serviceModelToSwagger2MapperImpl
[11:21:40.679:DEBUG:AppMain:23] name: shutdownEndpoint
[11:21:40.679:DEBUG:AppMain:23] name: simpleControllerHandlerAdapter
[11:21:40.680:DEBUG:AppMain:23] name: sortResolver
[11:21:40.680:DEBUG:AppMain:23] name: spring.datasource-org.springframework.boot.autoconfigure.jdbc.DataSourceProperties
[11:21:40.680:DEBUG:AppMain:23] name: spring.devtools-org.springframework.boot.devtools.autoconfigure.DevToolsProperties
[11:21:40.680:DEBUG:AppMain:23] name: spring.http.encoding-org.springframework.boot.autoconfigure.web.HttpEncodingProperties
[11:21:40.680:DEBUG:AppMain:23] name: spring.http.multipart-org.springframework.boot.autoconfigure.web.MultipartProperties
[11:21:40.680:DEBUG:AppMain:23] name: spring.info-org.springframework.boot.autoconfigure.info.ProjectInfoProperties
[11:21:40.680:DEBUG:AppMain:23] name: spring.jackson-org.springframework.boot.autoconfigure.jackson.JacksonProperties
[11:21:40.680:DEBUG:AppMain:23] name: spring.jpa-org.springframework.boot.autoconfigure.orm.jpa.JpaProperties
[11:21:40.680:DEBUG:AppMain:23] name: spring.jta-org.springframework.boot.autoconfigure.transaction.jta.JtaProperties
[11:21:40.680:DEBUG:AppMain:23] name: spring.metrics.export-org.springframework.boot.actuate.metrics.export.MetricExportProperties
[11:21:40.680:DEBUG:AppMain:23] name: spring.mvc-org.springframework.boot.autoconfigure.web.WebMvcProperties
[11:21:40.680:DEBUG:AppMain:23] name: spring.resources-org.springframework.boot.autoconfigure.web.ResourceProperties
[11:21:40.680:DEBUG:AppMain:23] name: spring.transaction-org.springframework.boot.autoconfigure.transaction.TransactionProperties
[11:21:40.680:DEBUG:AppMain:23] name: springApplicationAdminRegistrar
[11:21:40.680:DEBUG:AppMain:23] name: springfox.documentation.schema.configuration.ModelsConfiguration
[11:21:40.680:DEBUG:AppMain:23] name: springfox.documentation.spring.web.SpringfoxWebMvcConfiguration
[11:21:40.680:DEBUG:AppMain:23] name: springfox.documentation.swagger.configuration.SwaggerCommonConfiguration
[11:21:40.680:DEBUG:AppMain:23] name: springfox.documentation.swagger2.configuration.Swagger2DocumentationConfiguration
[11:21:40.680:DEBUG:AppMain:23] name: standardJacksonObjectMapperBuilderCustomizer
[11:21:40.680:DEBUG:AppMain:23] name: stringHttpMessageConverter
[11:21:40.680:DEBUG:AppMain:23] name: swagger2ControllerMapping
[11:21:40.680:DEBUG:AppMain:23] name: swagger2Module
[11:21:40.680:DEBUG:AppMain:23] name: swaggerApiListingReader
[11:21:40.681:DEBUG:AppMain:23] name: swaggerConfig
[11:21:40.681:DEBUG:AppMain:23] name: swaggerExpandedParameterBuilder
[11:21:40.681:DEBUG:AppMain:23] name: swaggerMediaTypeReader
[11:21:40.681:DEBUG:AppMain:23] name: swaggerOperationModelsProvider
[11:21:40.681:DEBUG:AppMain:23] name: swaggerOperationResponseClassReader
[11:21:40.681:DEBUG:AppMain:23] name: swaggerOperationTagsReader
[11:21:40.681:DEBUG:AppMain:23] name: swaggerParameterDescriptionReader
[11:21:40.681:DEBUG:AppMain:23] name: swaggerResponseMessageReader
[11:21:40.681:DEBUG:AppMain:23] name: systemPublicMetrics
[11:21:40.681:DEBUG:AppMain:23] name: tomcatEmbeddedServletContainerFactory
[11:21:40.681:DEBUG:AppMain:23] name: tomcatPoolDataSourceMetadataProvider
[11:21:40.681:DEBUG:AppMain:23] name: tomcatPublicMetrics
[11:21:40.681:DEBUG:AppMain:23] name: traceEndpoint
[11:21:40.681:DEBUG:AppMain:23] name: traceRepository
[11:21:40.681:DEBUG:AppMain:23] name: transactionAttributeSource
[11:21:40.681:DEBUG:AppMain:23] name: transactionInterceptor
[11:21:40.681:DEBUG:AppMain:23] name: transactionManager
[11:21:40.681:DEBUG:AppMain:23] name: transactionRepository
[11:21:40.681:DEBUG:AppMain:23] name: transactionTemplate
[11:21:40.681:DEBUG:AppMain:23] name: typeNameExtractor
[11:21:40.682:DEBUG:AppMain:23] name: typeNameProviderPluginRegistry
[11:21:40.682:DEBUG:AppMain:23] name: typeResolver
[11:21:40.682:DEBUG:AppMain:23] name: vendorExtensionsMapperImpl
[11:21:40.682:DEBUG:AppMain:23] name: vendorExtensionsReader
[11:21:40.682:DEBUG:AppMain:23] name: viewControllerHandlerMapping
[11:21:40.682:DEBUG:AppMain:23] name: viewResolver
[11:21:40.682:DEBUG:AppMain:23] name: webMvcRequestHandlerProvider
[11:21:40.682:DEBUG:AppMain:23] name: webRequestLoggingFilter
[11:21:40.682:DEBUG:AppMain:23] name: websocketContainerCustomizer
[11:21:40.682:DEBUG:AppMain:23] name: welcomePageHandlerMapping
[11:21:41.518:INFO :AnnotationConfigEmbeddedWebApplicationContext:984] Closing org.springframework.boot.context.embedded.AnnotationConfigEmbeddedWebApplicationContext@1f3fa984: startup date [Thu Jan 18 11:21:31 KST 2018]; root of context hierarchy
[11:21:41.520:INFO :DefaultLifecycleProcessor:358] Stopping beans in phase 2147483647
[11:21:41.521:INFO :DefaultLifecycleProcessor:358] Stopping beans in phase 0
[11:21:41.522:INFO :EndpointMBeanExporter:449] Unregistering JMX-exposed beans on shutdown
[11:21:41.523:INFO :EndpointMBeanExporter:241] Unregistering JMX-exposed beans
[11:21:41.523:INFO :AnnotationMBeanExporter:449] Unregistering JMX-exposed beans on shutdown
[11:21:41.525:INFO :LocalContainerEntityManagerFactoryBean:563] Closing JPA EntityManagerFactory for persistence unit 'default'
